TpTrace Verbose: 0 : 20992, 1, 2022/07/12, 17:54:04.899, 2719178032760, vstest.console.dll, Version: 17.2.0-release-20220408-11 Current process architecture: X64
TpTrace Information: 0 : 20992, 1, 2022/07/12, 17:54:04.911, 2719178160628, vstest.console.dll, FilePatternParser: The given file C:\Users\tej\workArea\Asp.Net\METER-API\UnitTests\bin\Debug\net6.0\fine-code-coverage\build-output\UnitTests.dll is a full path.
TpTrace Verbose: 0 : 20992, 1, 2022/07/12, 17:54:04.928, 2719178322224, vstest.console.dll, TestPluginCache.DiscoverTestExtensions: finding test extensions in assemblies ends with: RuntimeProvider.dll TPluginInfo: Microsoft.VisualStudio.TestPlatform.Common.ExtensionFramework.Utilities.TestRuntimePluginInformation TExtension: Microsoft.VisualStudio.TestPlatform.ObjectModel.Host.ITestRuntimeProvider
TpTrace Verbose: 0 : 20992, 1, 2022/07/12, 17:54:04.928, 2719178326964, vstest.console.dll, TestPluginCache.GetExtensionPaths: Filtered extension paths: 
TpTrace Verbose: 0 : 20992, 1, 2022/07/12, 17:54:04.928, 2719178328144, vstest.console.dll, TestPluginCache.GetExtensionPaths: Added default extension paths: C:\Program Files\dotnet\sdk\6.0.301\Extensions\DumpMinitool.exe
C:\Program Files\dotnet\sdk\6.0.301\Extensions\DumpMinitool.x86.exe
C:\Program Files\dotnet\sdk\6.0.301\Extensions\Microsoft.Diagnostics.NETCore.Client.dll
C:\Program Files\dotnet\sdk\6.0.301\Extensions\Microsoft.TestPlatform.Extensions.BlameDataCollector.dll
C:\Program Files\dotnet\sdk\6.0.301\Extensions\Microsoft.TestPlatform.Extensions.EventLogCollector.dll
C:\Program Files\dotnet\sdk\6.0.301\Extensions\Microsoft.TestPlatform.TestHostRuntimeProvider.dll
C:\Program Files\dotnet\sdk\6.0.301\Extensions\Microsoft.VisualStudio.TestPlatform.Extensions.Html.TestLogger.dll
C:\Program Files\dotnet\sdk\6.0.301\Extensions\Microsoft.VisualStudio.TestPlatform.Extensions.Trx.TestLogger.dll
TpTrace Verbose: 0 : 20992, 1, 2022/07/12, 17:54:04.928, 2719178328645, vstest.console.dll, TestPluginCache.GetExtensionPaths: Added unfilterableExtensionPaths: 
TpTrace Information: 0 : 20992, 1, 2022/07/12, 17:54:04.929, 2719178335739, vstest.console.dll, AssemblyResolver.ctor: Creating AssemblyResolver with searchDirectories C:\Program Files\dotnet\sdk\6.0.301\Extensions,C:\Program Files\dotnet\sdk\6.0.301
TpTrace Verbose: 0 : 20992, 1, 2022/07/12, 17:54:04.930, 2719178345472, vstest.console.dll, TestPluginCache.DiscoverTestExtensions: Discovering the extensions using extension path.
TpTrace Verbose: 0 : 20992, 1, 2022/07/12, 17:54:04.930, 2719178346792, vstest.console.dll, TestPluginCache.GetExtensionPaths: Filtered extension paths: 
TpTrace Verbose: 0 : 20992, 1, 2022/07/12, 17:54:04.930, 2719178347377, vstest.console.dll, TestPluginCache.GetExtensionPaths: Added default extension paths: C:\Program Files\dotnet\sdk\6.0.301\Extensions\DumpMinitool.exe
C:\Program Files\dotnet\sdk\6.0.301\Extensions\DumpMinitool.x86.exe
C:\Program Files\dotnet\sdk\6.0.301\Extensions\Microsoft.Diagnostics.NETCore.Client.dll
C:\Program Files\dotnet\sdk\6.0.301\Extensions\Microsoft.TestPlatform.Extensions.BlameDataCollector.dll
C:\Program Files\dotnet\sdk\6.0.301\Extensions\Microsoft.TestPlatform.Extensions.EventLogCollector.dll
C:\Program Files\dotnet\sdk\6.0.301\Extensions\Microsoft.TestPlatform.TestHostRuntimeProvider.dll
C:\Program Files\dotnet\sdk\6.0.301\Extensions\Microsoft.VisualStudio.TestPlatform.Extensions.Html.TestLogger.dll
C:\Program Files\dotnet\sdk\6.0.301\Extensions\Microsoft.VisualStudio.TestPlatform.Extensions.Trx.TestLogger.dll
TpTrace Verbose: 0 : 20992, 1, 2022/07/12, 17:54:04.930, 2719178347792, vstest.console.dll, TestPluginCache.GetExtensionPaths: Added unfilterableExtensionPaths: 
TpTrace Verbose: 0 : 20992, 1, 2022/07/12, 17:54:04.930, 2719178348492, vstest.console.dll, TestPluginCache.DiscoverTestExtensions: Discovering the extensions using allExtensionPaths: C:\Program Files\dotnet\sdk\6.0.301\Extensions\DumpMinitool.exe
C:\Program Files\dotnet\sdk\6.0.301\Extensions\DumpMinitool.x86.exe
C:\Program Files\dotnet\sdk\6.0.301\Extensions\Microsoft.Diagnostics.NETCore.Client.dll
C:\Program Files\dotnet\sdk\6.0.301\Extensions\Microsoft.TestPlatform.Extensions.BlameDataCollector.dll
C:\Program Files\dotnet\sdk\6.0.301\Extensions\Microsoft.TestPlatform.Extensions.EventLogCollector.dll
C:\Program Files\dotnet\sdk\6.0.301\Extensions\Microsoft.TestPlatform.TestHostRuntimeProvider.dll
C:\Program Files\dotnet\sdk\6.0.301\Extensions\Microsoft.VisualStudio.TestPlatform.Extensions.Html.TestLogger.dll
C:\Program Files\dotnet\sdk\6.0.301\Extensions\Microsoft.VisualStudio.TestPlatform.Extensions.Trx.TestLogger.dll
TpTrace Information: 0 : 20992, 1, 2022/07/12, 17:54:04.930, 2719178350300, vstest.console.dll, AssemblyResolver.AddSearchDirectories: Adding more searchDirectories C:\Program Files\dotnet\sdk\6.0.301\Extensions,C:\Program Files\dotnet\sdk\6.0.301
TpTrace Information: 0 : 20992, 1, 2022/07/12, 17:54:04.930, 2719178350929, vstest.console.dll, AssemblyResolver.AddSearchDirectories: Adding more searchDirectories C:\Program Files\dotnet\sdk\6.0.301\Extensions,C:\Program Files\dotnet\sdk\6.0.301
TpTrace Information: 0 : 20992, 1, 2022/07/12, 17:54:04.930, 2719178351350, vstest.console.dll, AssemblyResolver.AddSearchDirectories: Adding more searchDirectories C:\Program Files\dotnet\sdk\6.0.301\Extensions,C:\Program Files\dotnet\sdk\6.0.301
TpTrace Information: 0 : 20992, 1, 2022/07/12, 17:54:04.931, 2719178351798, vstest.console.dll, AssemblyResolver.AddSearchDirectories: Adding more searchDirectories C:\Program Files\dotnet\sdk\6.0.301\Extensions,C:\Program Files\dotnet\sdk\6.0.301
TpTrace Information: 0 : 20992, 1, 2022/07/12, 17:54:04.931, 2719178352183, vstest.console.dll, AssemblyResolver.AddSearchDirectories: Adding more searchDirectories C:\Program Files\dotnet\sdk\6.0.301\Extensions,C:\Program Files\dotnet\sdk\6.0.301
TpTrace Information: 0 : 20992, 1, 2022/07/12, 17:54:04.931, 2719178352552, vstest.console.dll, AssemblyResolver.AddSearchDirectories: Adding more searchDirectories C:\Program Files\dotnet\sdk\6.0.301\Extensions,C:\Program Files\dotnet\sdk\6.0.301
TpTrace Information: 0 : 20992, 1, 2022/07/12, 17:54:04.931, 2719178352992, vstest.console.dll, AssemblyResolver.AddSearchDirectories: Adding more searchDirectories C:\Program Files\dotnet\sdk\6.0.301\Extensions,C:\Program Files\dotnet\sdk\6.0.301
TpTrace Information: 0 : 20992, 1, 2022/07/12, 17:54:04.931, 2719178353368, vstest.console.dll, AssemblyResolver.AddSearchDirectories: Adding more searchDirectories C:\Program Files\dotnet\sdk\6.0.301\Extensions,C:\Program Files\dotnet\sdk\6.0.301
TpTrace Information: 0 : 20992, 1, 2022/07/12, 17:54:04.931, 2719178359449, vstest.console.dll, AssemblyResolver.OnResolve: DumpMinitool: Resolving assembly.
TpTrace Information: 0 : 20992, 1, 2022/07/12, 17:54:04.931, 2719178360382, vstest.console.dll, AssemblyResolver.OnResolve: DumpMinitool: Searching in: 'C:\Program Files\dotnet\sdk\6.0.301\Extensions'.
TpTrace Information: 0 : 20992, 1, 2022/07/12, 17:54:04.932, 2719178361766, vstest.console.dll, AssemblyResolver.OnResolve: DumpMinitool: Assembly path does not exist: 'C:\Program Files\dotnet\sdk\6.0.301\Extensions\DumpMinitool.dll', returning.
TpTrace Information: 0 : 20992, 1, 2022/07/12, 17:54:04.933, 2719178374632, vstest.console.dll, AssemblyResolver.OnResolve: DumpMinitool: Loading assembly 'C:\Program Files\dotnet\sdk\6.0.301\Extensions\DumpMinitool.exe'.
TpTrace Information: 0 : 20992, 1, 2022/07/12, 17:54:04.933, 2719178381244, vstest.console.dll, AssemblyResolver.OnResolve: Resolved assembly: DumpMinitool, from path: C:\Program Files\dotnet\sdk\6.0.301\Extensions\DumpMinitool.exe
TpTrace Verbose: 0 : 20992, 1, 2022/07/12, 17:54:04.938, 2719178429803, vstest.console.dll, MetadataReaderExtensionsHelper: Discovering extensions inside assembly 'DumpMinitool, Version=15.0.0.0, Culture=neutral, PublicKeyToken=b03f5f7f11d50a3a' file path 'C:\Program Files\dotnet\sdk\6.0.301\Extensions\DumpMinitool.exe'
TpTrace Information: 0 : 20992, 1, 2022/07/12, 17:54:04.946, 2719178501991, vstest.console.dll, AssemblyResolver.OnResolve: DumpMinitool.x86: Resolving assembly.
TpTrace Information: 0 : 20992, 1, 2022/07/12, 17:54:04.946, 2719178503334, vstest.console.dll, AssemblyResolver.OnResolve: DumpMinitool.x86: Searching in: 'C:\Program Files\dotnet\sdk\6.0.301\Extensions'.
TpTrace Information: 0 : 20992, 1, 2022/07/12, 17:54:04.946, 2719178505047, vstest.console.dll, AssemblyResolver.OnResolve: DumpMinitool.x86: Assembly path does not exist: 'C:\Program Files\dotnet\sdk\6.0.301\Extensions\DumpMinitool.x86.dll', returning.
TpTrace Information: 0 : 20992, 1, 2022/07/12, 17:54:04.947, 2719178520841, vstest.console.dll, AssemblyResolver.OnResolve: DumpMinitool.x86: Loading assembly 'C:\Program Files\dotnet\sdk\6.0.301\Extensions\DumpMinitool.x86.exe'.
TpTrace Information: 0 : 20992, 1, 2022/07/12, 17:54:04.948, 2719178528061, vstest.console.dll, AssemblyResolver.OnResolve: Resolved assembly: DumpMinitool.x86, from path: C:\Program Files\dotnet\sdk\6.0.301\Extensions\DumpMinitool.x86.exe
TpTrace Verbose: 0 : 20992, 1, 2022/07/12, 17:54:04.948, 2719178529104, vstest.console.dll, MetadataReaderExtensionsHelper: Discovering extensions inside assembly 'DumpMinitool.x86, Version=15.0.0.0, Culture=neutral, PublicKeyToken=b03f5f7f11d50a3a' file path 'C:\Program Files\dotnet\sdk\6.0.301\Extensions\DumpMinitool.x86.exe'
TpTrace Information: 0 : 20992, 1, 2022/07/12, 17:54:04.949, 2719178538048, vstest.console.dll, AssemblyResolver.OnResolve: Microsoft.Diagnostics.NETCore.Client: Resolving assembly.
TpTrace Information: 0 : 20992, 1, 2022/07/12, 17:54:04.949, 2719178538703, vstest.console.dll, AssemblyResolver.OnResolve: Microsoft.Diagnostics.NETCore.Client: Searching in: 'C:\Program Files\dotnet\sdk\6.0.301\Extensions'.
TpTrace Information: 0 : 20992, 1, 2022/07/12, 17:54:04.952, 2719178567156, vstest.console.dll, AssemblyResolver.OnResolve: Microsoft.Diagnostics.NETCore.Client: Loading assembly 'C:\Program Files\dotnet\sdk\6.0.301\Extensions\Microsoft.Diagnostics.NETCore.Client.dll'.
TpTrace Information: 0 : 20992, 1, 2022/07/12, 17:54:04.954, 2719178589074, vstest.console.dll, AssemblyResolver.OnResolve: Resolved assembly: Microsoft.Diagnostics.NETCore.Client, from path: C:\Program Files\dotnet\sdk\6.0.301\Extensions\Microsoft.Diagnostics.NETCore.Client.dll
TpTrace Verbose: 0 : 20992, 1, 2022/07/12, 17:54:04.954, 2719178589998, vstest.console.dll, MetadataReaderExtensionsHelper: Discovering extensions inside assembly 'Microsoft.Diagnostics.NETCore.Client, Version=0.2.5.801, Culture=neutral, PublicKeyToken=31bf3856ad364e35' file path 'C:\Program Files\dotnet\sdk\6.0.301\Extensions\Microsoft.Diagnostics.NETCore.Client.dll'
TpTrace Information: 0 : 20992, 1, 2022/07/12, 17:54:04.963, 2719178672006, vstest.console.dll, AssemblyResolver.OnResolve: Microsoft.Bcl.AsyncInterfaces: Resolving assembly.
TpTrace Information: 0 : 20992, 1, 2022/07/12, 17:54:04.963, 2719178672968, vstest.console.dll, AssemblyResolver.OnResolve: Microsoft.Bcl.AsyncInterfaces: Searching in: 'C:\Program Files\dotnet\sdk\6.0.301\Extensions'.
TpTrace Information: 0 : 20992, 1, 2022/07/12, 17:54:04.963, 2719178673965, vstest.console.dll, AssemblyResolver.OnResolve: Microsoft.Bcl.AsyncInterfaces: Assembly path does not exist: 'C:\Program Files\dotnet\sdk\6.0.301\Extensions\Microsoft.Bcl.AsyncInterfaces.dll', returning.
TpTrace Information: 0 : 20992, 1, 2022/07/12, 17:54:04.963, 2719178674791, vstest.console.dll, AssemblyResolver.OnResolve: Microsoft.Bcl.AsyncInterfaces: Assembly path does not exist: 'C:\Program Files\dotnet\sdk\6.0.301\Extensions\Microsoft.Bcl.AsyncInterfaces.exe', returning.
TpTrace Information: 0 : 20992, 1, 2022/07/12, 17:54:04.963, 2719178675146, vstest.console.dll, AssemblyResolver.OnResolve: Microsoft.Bcl.AsyncInterfaces: Searching in: 'C:\Program Files\dotnet\sdk\6.0.301'.
TpTrace Information: 0 : 20992, 1, 2022/07/12, 17:54:04.963, 2719178675815, vstest.console.dll, AssemblyResolver.OnResolve: Microsoft.Bcl.AsyncInterfaces: Assembly path does not exist: 'C:\Program Files\dotnet\sdk\6.0.301\Microsoft.Bcl.AsyncInterfaces.dll', returning.
TpTrace Information: 0 : 20992, 1, 2022/07/12, 17:54:04.963, 2719178676471, vstest.console.dll, AssemblyResolver.OnResolve: Microsoft.Bcl.AsyncInterfaces: Assembly path does not exist: 'C:\Program Files\dotnet\sdk\6.0.301\Microsoft.Bcl.AsyncInterfaces.exe', returning.
TpTrace Information: 0 : 20992, 1, 2022/07/12, 17:54:04.963, 2719178676921, vstest.console.dll, AssemblyResolver.OnResolve: Microsoft.Bcl.AsyncInterfaces: Failed to load assembly.
TpTrace Verbose: 0 : 20992, 1, 2022/07/12, 17:54:04.963, 2719178677400, vstest.console.dll, CurrentDomainAssemblyResolve: Resolving assembly 'Microsoft.Bcl.AsyncInterfaces'.
TpTrace Information: 0 : 20992, 1, 2022/07/12, 17:54:04.963, 2719178678048, vstest.console.dll, AssemblyResolver.OnResolve: Microsoft.Bcl.AsyncInterfaces: Resolving assembly.
TpTrace Information: 0 : 20992, 1, 2022/07/12, 17:54:04.963, 2719178678485, vstest.console.dll, AssemblyResolver.OnResolve: Microsoft.Bcl.AsyncInterfaces: Resolved from cache.
TpTrace Verbose: 0 : 20992, 1, 2022/07/12, 17:54:04.963, 2719178678833, vstest.console.dll, CurrentDomainAssemblyResolve: Resolving assembly 'Microsoft.Bcl.AsyncInterfaces'.
TpTrace Verbose: 0 : 20992, 1, 2022/07/12, 17:54:04.963, 2719178679313, vstest.console.dll, CurrentDomainAssemblyResolve: Failed to resolve assembly 'Microsoft.Bcl.AsyncInterfaces'.
TpTrace Verbose: 0 : 20992, 1, 2022/07/12, 17:54:04.965, 2719178699053, vstest.console.dll, CurrentDomainAssemblyResolve: Failed to resolve assembly 'Microsoft.Bcl.AsyncInterfaces'.
TpTrace Warning: 0 : 20992, 1, 2022/07/12, 17:54:04.981, 2719178857147, vstest.console.dll, TestPluginDiscoverer: Failed to get types from assembly 'Microsoft.Diagnostics.NETCore.Client, Version=0.2.5.801, Culture=neutral, PublicKeyToken=31bf3856ad364e35'. Error: System.Reflection.ReflectionTypeLoadException: Unable to load one or more of the requested types.
Could not load file or assembly 'Microsoft.Bcl.AsyncInterfaces, Version=1.0.0.0, Culture=neutral, PublicKeyToken=cc7b13ffcd2ddd51'. The system cannot find the file specified.
   at System.Reflection.RuntimeModule.GetTypes(RuntimeModule module)
   at System.Reflection.Assembly.GetTypes()
   at Microsoft.VisualStudio.TestPlatform.Common.ExtensionFramework.TestPluginDiscoverer.GetTestExtensionsFromAssembly[TPluginInfo,TExtension](Assembly assembly, Dictionary`2 pluginInfos, String filePath)
System.IO.FileNotFoundException: Could not load file or assembly 'Microsoft.Bcl.AsyncInterfaces, Version=1.0.0.0, Culture=neutral, PublicKeyToken=cc7b13ffcd2ddd51'. The system cannot find the file specified.
File name: 'Microsoft.Bcl.AsyncInterfaces, Version=1.0.0.0, Culture=neutral, PublicKeyToken=cc7b13ffcd2ddd51'
 ---> System.IO.FileNotFoundException: Could not load file or assembly 'Microsoft.Bcl.AsyncInterfaces, Culture=neutral, PublicKeyToken=null'. The system cannot find the file specified.
File name: 'Microsoft.Bcl.AsyncInterfaces, Culture=neutral, PublicKeyToken=null'
   at System.Reflection.RuntimeAssembly.InternalLoad(ObjectHandleOnStack assemblyName, ObjectHandleOnStack requestingAssembly, StackCrawlMarkHandle stackMark, Boolean throwOnFileNotFound, ObjectHandleOnStack assemblyLoadContext, ObjectHandleOnStack retAssembly)
   at System.Reflection.RuntimeAssembly.InternalLoad(AssemblyName assemblyName, RuntimeAssembly requestingAssembly, StackCrawlMark& stackMark, Boolean throwOnFileNotFound, AssemblyLoadContext assemblyLoadContext)
   at System.Reflection.Assembly.Load(AssemblyName assemblyRef)
   at Microsoft.VisualStudio.TestPlatform.Common.ExtensionFramework.TestPluginCache.CurrentDomainAssemblyResolve(Object sender, AssemblyResolveEventArgs args)
   at Microsoft.VisualStudio.TestPlatform.PlatformAbstractions.PlatformAssemblyResolver.AssemblyResolverEvent(Object sender, Object eventArgs)
   at System.Runtime.Loader.AssemblyLoadContext.GetFirstResolvedAssemblyFromResolvingEvent(AssemblyName assemblyName)
   at System.Runtime.Loader.AssemblyLoadContext.ResolveUsingEvent(AssemblyName assemblyName)
   at System.Runtime.Loader.AssemblyLoadContext.ResolveUsingResolvingEvent(IntPtr gchManagedAssemblyLoadContext, AssemblyName assemblyName)
TpTrace Warning: 0 : 20992, 1, 2022/07/12, 17:54:04.981, 2719178861208, vstest.console.dll, LoaderExceptions: System.IO.FileNotFoundException: Could not load file or assembly 'Microsoft.Bcl.AsyncInterfaces, Version=1.0.0.0, Culture=neutral, PublicKeyToken=cc7b13ffcd2ddd51'. The system cannot find the file specified.
File name: 'Microsoft.Bcl.AsyncInterfaces, Version=1.0.0.0, Culture=neutral, PublicKeyToken=cc7b13ffcd2ddd51'
 ---> System.IO.FileNotFoundException: Could not load file or assembly 'Microsoft.Bcl.AsyncInterfaces, Culture=neutral, PublicKeyToken=null'. The system cannot find the file specified.
File name: 'Microsoft.Bcl.AsyncInterfaces, Culture=neutral, PublicKeyToken=null'
   at System.Reflection.RuntimeAssembly.InternalLoad(ObjectHandleOnStack assemblyName, ObjectHandleOnStack requestingAssembly, StackCrawlMarkHandle stackMark, Boolean throwOnFileNotFound, ObjectHandleOnStack assemblyLoadContext, ObjectHandleOnStack retAssembly)
   at System.Reflection.RuntimeAssembly.InternalLoad(AssemblyName assemblyName, RuntimeAssembly requestingAssembly, StackCrawlMark& stackMark, Boolean throwOnFileNotFound, AssemblyLoadContext assemblyLoadContext)
   at System.Reflection.Assembly.Load(AssemblyName assemblyRef)
   at Microsoft.VisualStudio.TestPlatform.Common.ExtensionFramework.TestPluginCache.CurrentDomainAssemblyResolve(Object sender, AssemblyResolveEventArgs args)
   at Microsoft.VisualStudio.TestPlatform.PlatformAbstractions.PlatformAssemblyResolver.AssemblyResolverEvent(Object sender, Object eventArgs)
   at System.Runtime.Loader.AssemblyLoadContext.GetFirstResolvedAssemblyFromResolvingEvent(AssemblyName assemblyName)
   at System.Runtime.Loader.AssemblyLoadContext.ResolveUsingEvent(AssemblyName assemblyName)
   at System.Runtime.Loader.AssemblyLoadContext.ResolveUsingResolvingEvent(IntPtr gchManagedAssemblyLoadContext, AssemblyName assemblyName)
TpTrace Information: 0 : 20992, 1, 2022/07/12, 17:54:04.982, 2719178862488, vstest.console.dll, AssemblyResolver.OnResolve: Microsoft.TestPlatform.Extensions.BlameDataCollector: Resolving assembly.
TpTrace Information: 0 : 20992, 1, 2022/07/12, 17:54:04.982, 2719178862937, vstest.console.dll, AssemblyResolver.OnResolve: Microsoft.TestPlatform.Extensions.BlameDataCollector: Searching in: 'C:\Program Files\dotnet\sdk\6.0.301\Extensions'.
TpTrace Information: 0 : 20992, 1, 2022/07/12, 17:54:04.984, 2719178886493, vstest.console.dll, AssemblyResolver.OnResolve: Microsoft.TestPlatform.Extensions.BlameDataCollector: Loading assembly 'C:\Program Files\dotnet\sdk\6.0.301\Extensions\Microsoft.TestPlatform.Extensions.BlameDataCollector.dll'.
TpTrace Information: 0 : 20992, 1, 2022/07/12, 17:54:04.985, 2719178901354, vstest.console.dll, AssemblyResolver.OnResolve: Resolved assembly: Microsoft.TestPlatform.Extensions.BlameDataCollector, from path: C:\Program Files\dotnet\sdk\6.0.301\Extensions\Microsoft.TestPlatform.Extensions.BlameDataCollector.dll
TpTrace Verbose: 0 : 20992, 1, 2022/07/12, 17:54:04.986, 2719178903081, vstest.console.dll, MetadataReaderExtensionsHelper: Discovering extensions inside assembly 'Microsoft.TestPlatform.Extensions.BlameDataCollector, Version=15.0.0.0, Culture=neutral, PublicKeyToken=b03f5f7f11d50a3a' file path 'C:\Program Files\dotnet\sdk\6.0.301\Extensions\Microsoft.TestPlatform.Extensions.BlameDataCollector.dll'
TpTrace Information: 0 : 20992, 1, 2022/07/12, 17:54:04.989, 2719178932735, vstest.console.dll, AssemblyResolver.OnResolve: Microsoft.TestPlatform.Extensions.EventLogCollector: Resolving assembly.
TpTrace Information: 0 : 20992, 1, 2022/07/12, 17:54:04.989, 2719178933910, vstest.console.dll, AssemblyResolver.OnResolve: Microsoft.TestPlatform.Extensions.EventLogCollector: Searching in: 'C:\Program Files\dotnet\sdk\6.0.301\Extensions'.
TpTrace Information: 0 : 20992, 1, 2022/07/12, 17:54:04.990, 2719178949356, vstest.console.dll, AssemblyResolver.OnResolve: Microsoft.TestPlatform.Extensions.EventLogCollector: Loading assembly 'C:\Program Files\dotnet\sdk\6.0.301\Extensions\Microsoft.TestPlatform.Extensions.EventLogCollector.dll'.
TpTrace Information: 0 : 20992, 1, 2022/07/12, 17:54:04.992, 2719178961980, vstest.console.dll, AssemblyResolver.OnResolve: Resolved assembly: Microsoft.TestPlatform.Extensions.EventLogCollector, from path: C:\Program Files\dotnet\sdk\6.0.301\Extensions\Microsoft.TestPlatform.Extensions.EventLogCollector.dll
TpTrace Verbose: 0 : 20992, 1, 2022/07/12, 17:54:04.992, 2719178963868, vstest.console.dll, MetadataReaderExtensionsHelper: Discovering extensions inside assembly 'Microsoft.TestPlatform.Extensions.EventLogCollector, Version=15.0.0.0, Culture=neutral, PublicKeyToken=b03f5f7f11d50a3a' file path 'C:\Program Files\dotnet\sdk\6.0.301\Extensions\Microsoft.TestPlatform.Extensions.EventLogCollector.dll'
TpTrace Information: 0 : 20992, 1, 2022/07/12, 17:54:04.994, 2719178986088, vstest.console.dll, AssemblyResolver.OnResolve: Microsoft.TestPlatform.TestHostRuntimeProvider: Resolving assembly.
TpTrace Information: 0 : 20992, 1, 2022/07/12, 17:54:04.994, 2719178988417, vstest.console.dll, AssemblyResolver.OnResolve: Microsoft.TestPlatform.TestHostRuntimeProvider: Searching in: 'C:\Program Files\dotnet\sdk\6.0.301\Extensions'.
TpTrace Information: 0 : 20992, 1, 2022/07/12, 17:54:04.996, 2719179010850, vstest.console.dll, AssemblyResolver.OnResolve: Microsoft.TestPlatform.TestHostRuntimeProvider: Loading assembly 'C:\Program Files\dotnet\sdk\6.0.301\Extensions\Microsoft.TestPlatform.TestHostRuntimeProvider.dll'.
TpTrace Information: 0 : 20992, 1, 2022/07/12, 17:54:04.998, 2719179031593, vstest.console.dll, AssemblyResolver.OnResolve: Resolved assembly: Microsoft.TestPlatform.TestHostRuntimeProvider, from path: C:\Program Files\dotnet\sdk\6.0.301\Extensions\Microsoft.TestPlatform.TestHostRuntimeProvider.dll
TpTrace Verbose: 0 : 20992, 1, 2022/07/12, 17:54:04.999, 2719179032949, vstest.console.dll, MetadataReaderExtensionsHelper: Discovering extensions inside assembly 'Microsoft.TestPlatform.TestHostRuntimeProvider, Version=15.0.0.0, Culture=neutral, PublicKeyToken=b03f5f7f11d50a3a' file path 'C:\Program Files\dotnet\sdk\6.0.301\Extensions\Microsoft.TestPlatform.TestHostRuntimeProvider.dll'
TpTrace Information: 0 : 20992, 1, 2022/07/12, 17:54:05.002, 2719179062129, vstest.console.dll, GetTestExtensionFromType: Register extension with identifier data 'HostProvider://DefaultTestHost' and type 'Microsoft.VisualStudio.TestPlatform.CrossPlatEngine.Hosting.DefaultTestHostManager, Microsoft.TestPlatform.TestHostRuntimeProvider, Version=15.0.0.0, Culture=neutral, PublicKeyToken=b03f5f7f11d50a3a' inside file 'C:\Program Files\dotnet\sdk\6.0.301\Extensions\Microsoft.TestPlatform.TestHostRuntimeProvider.dll'
TpTrace Information: 0 : 20992, 1, 2022/07/12, 17:54:05.002, 2719179063622, vstest.console.dll, GetTestExtensionFromType: Register extension with identifier data 'HostProvider://DotnetTestHost' and type 'Microsoft.VisualStudio.TestPlatform.CrossPlatEngine.Hosting.DotnetTestHostManager, Microsoft.TestPlatform.TestHostRuntimeProvider, Version=15.0.0.0, Culture=neutral, PublicKeyToken=b03f5f7f11d50a3a' inside file 'C:\Program Files\dotnet\sdk\6.0.301\Extensions\Microsoft.TestPlatform.TestHostRuntimeProvider.dll'
TpTrace Information: 0 : 20992, 1, 2022/07/12, 17:54:05.002, 2719179065077, vstest.console.dll, AssemblyResolver.OnResolve: Microsoft.VisualStudio.TestPlatform.Extensions.Html.TestLogger: Resolving assembly.
TpTrace Information: 0 : 20992, 1, 2022/07/12, 17:54:05.002, 2719179065760, vstest.console.dll, AssemblyResolver.OnResolve: Microsoft.VisualStudio.TestPlatform.Extensions.Html.TestLogger: Searching in: 'C:\Program Files\dotnet\sdk\6.0.301\Extensions'.
TpTrace Information: 0 : 20992, 1, 2022/07/12, 17:54:05.004, 2719179082865, vstest.console.dll, AssemblyResolver.OnResolve: Microsoft.VisualStudio.TestPlatform.Extensions.Html.TestLogger: Loading assembly 'C:\Program Files\dotnet\sdk\6.0.301\Extensions\Microsoft.VisualStudio.TestPlatform.Extensions.Html.TestLogger.dll'.
TpTrace Information: 0 : 20992, 1, 2022/07/12, 17:54:05.005, 2719179093767, vstest.console.dll, AssemblyResolver.OnResolve: Resolved assembly: Microsoft.VisualStudio.TestPlatform.Extensions.Html.TestLogger, from path: C:\Program Files\dotnet\sdk\6.0.301\Extensions\Microsoft.VisualStudio.TestPlatform.Extensions.Html.TestLogger.dll
TpTrace Verbose: 0 : 20992, 1, 2022/07/12, 17:54:05.005, 2719179095076, vstest.console.dll, MetadataReaderExtensionsHelper: Discovering extensions inside assembly 'Microsoft.VisualStudio.TestPlatform.Extensions.Html.TestLogger, Version=15.0.0.0, Culture=neutral, PublicKeyToken=b03f5f7f11d50a3a' file path 'C:\Program Files\dotnet\sdk\6.0.301\Extensions\Microsoft.VisualStudio.TestPlatform.Extensions.Html.TestLogger.dll'
TpTrace Information: 0 : 20992, 1, 2022/07/12, 17:54:05.006, 2719179107305, vstest.console.dll, AssemblyResolver.OnResolve: Microsoft.VisualStudio.TestPlatform.Extensions.Trx.TestLogger: Resolving assembly.
TpTrace Information: 0 : 20992, 1, 2022/07/12, 17:54:05.006, 2719179108868, vstest.console.dll, AssemblyResolver.OnResolve: Microsoft.VisualStudio.TestPlatform.Extensions.Trx.TestLogger: Searching in: 'C:\Program Files\dotnet\sdk\6.0.301\Extensions'.
TpTrace Information: 0 : 20992, 1, 2022/07/12, 17:54:05.009, 2719179133048, vstest.console.dll, AssemblyResolver.OnResolve: Microsoft.VisualStudio.TestPlatform.Extensions.Trx.TestLogger: Loading assembly 'C:\Program Files\dotnet\sdk\6.0.301\Extensions\Microsoft.VisualStudio.TestPlatform.Extensions.Trx.TestLogger.dll'.
TpTrace Information: 0 : 20992, 1, 2022/07/12, 17:54:05.011, 2719179154964, vstest.console.dll, AssemblyResolver.OnResolve: Resolved assembly: Microsoft.VisualStudio.TestPlatform.Extensions.Trx.TestLogger, from path: C:\Program Files\dotnet\sdk\6.0.301\Extensions\Microsoft.VisualStudio.TestPlatform.Extensions.Trx.TestLogger.dll
TpTrace Verbose: 0 : 20992, 1, 2022/07/12, 17:54:05.011, 2719179158668, vstest.console.dll, MetadataReaderExtensionsHelper: Discovering extensions inside assembly 'Microsoft.VisualStudio.TestPlatform.Extensions.Trx.TestLogger, Version=15.0.0.0, Culture=neutral, PublicKeyToken=b03f5f7f11d50a3a' file path 'C:\Program Files\dotnet\sdk\6.0.301\Extensions\Microsoft.VisualStudio.TestPlatform.Extensions.Trx.TestLogger.dll'
TpTrace Verbose: 0 : 20992, 1, 2022/07/12, 17:54:05.014, 2719179189274, vstest.console.dll, TestPluginCache: Discovered the extensions using extension path ''.
TpTrace Verbose: 0 : 20992, 1, 2022/07/12, 17:54:05.014, 2719179191321, vstest.console.dll, TestPluginCache: Discoverers are ''.
TpTrace Verbose: 0 : 20992, 1, 2022/07/12, 17:54:05.015, 2719179193137, vstest.console.dll, TestPluginCache: Executors are ''.
TpTrace Verbose: 0 : 20992, 1, 2022/07/12, 17:54:05.015, 2719179194060, vstest.console.dll, TestPluginCache: Executors2 are ''.
TpTrace Verbose: 0 : 20992, 1, 2022/07/12, 17:54:05.015, 2719179194702, vstest.console.dll, TestPluginCache: Setting providers are ''.
TpTrace Verbose: 0 : 20992, 1, 2022/07/12, 17:54:05.015, 2719179195270, vstest.console.dll, TestPluginCache: Loggers are ''.
TpTrace Verbose: 0 : 20992, 1, 2022/07/12, 17:54:05.015, 2719179199500, vstest.console.dll, TestPluginCache: TestHosts are 'HostProvider://DefaultTestHost,HostProvider://DotnetTestHost'.
TpTrace Verbose: 0 : 20992, 1, 2022/07/12, 17:54:05.015, 2719179200461, vstest.console.dll, TestPluginCache: DataCollectors are ''.
TpTrace Information: 0 : 20992, 1, 2022/07/12, 17:54:05.053, 2719179578718, vstest.console.dll, RunTestsArgumentProcessor:Execute: Test run is starting.
TpTrace Verbose: 0 : 20992, 1, 2022/07/12, 17:54:05.053, 2719179580186, vstest.console.dll, RunTestsArgumentProcessor:Execute: Queuing Test run.
TpTrace Information: 0 : 20992, 1, 2022/07/12, 17:54:05.054, 2719179585719, vstest.console.dll, TestRequestManager.RunTests: run tests started.
TpTrace Information: 0 : 20992, 1, 2022/07/12, 17:54:05.056, 2719179608385, vstest.console.dll, AssemblyMetadataProvider.GetFrameWork: Determined framework:'.NETCoreApp,Version=v6.0' for source: 'C:\Users\tej\workArea\Asp.Net\METER-API\UnitTests\bin\Debug\net6.0\fine-code-coverage\build-output\UnitTests.dll'
TpTrace Information: 0 : 20992, 1, 2022/07/12, 17:54:05.056, 2719179610009, vstest.console.dll, Determined framework for all sources: .NETCoreApp,Version=v6.0
TpTrace Verbose: 0 : 20992, 1, 2022/07/12, 17:54:05.057, 2719179614172, vstest.console.dll, TestRequestManager.UpdateRunSettingsIfRequired: Default architecture: X64 IsDefaultTargetArchitecture: True, Current process architecture: X64 OperatingSystem: Windows.
TpTrace Information: 0 : 20992, 1, 2022/07/12, 17:54:05.057, 2719179617252, vstest.console.dll, AssemblyMetadataProvider.GetArchitecture: Determined architecture:AnyCPU info for assembly: C:\Users\tej\workArea\Asp.Net\METER-API\UnitTests\bin\Debug\net6.0\fine-code-coverage\build-output\UnitTests.dll
TpTrace Information: 0 : 20992, 1, 2022/07/12, 17:54:05.057, 2719179617844, vstest.console.dll, Determined platform for source 'C:\Users\tej\workArea\Asp.Net\METER-API\UnitTests\bin\Debug\net6.0\fine-code-coverage\build-output\UnitTests.dll' is 'AnyCPU'
TpTrace Information: 0 : 20992, 1, 2022/07/12, 17:54:05.060, 2719179642274, vstest.console.dll, Determined platform for all sources: X64
TpTrace Information: 0 : 20992, 1, 2022/07/12, 17:54:05.060, 2719179643345, vstest.console.dll, Infered platform 'X64'.
TpTrace Information: 0 : 20992, 1, 2022/07/12, 17:54:05.060, 2719179644344, vstest.console.dll, Platform update to 'X64' required.
TpTrace Information: 0 : 20992, 1, 2022/07/12, 17:54:05.065, 2719179693737, vstest.console.dll, Compatible sources list: 
TpTrace Information: 0 : 20992, 1, 2022/07/12, 17:54:05.065, 2719179695558, vstest.console.dll, C:\Users\tej\workArea\Asp.Net\METER-API\UnitTests\bin\Debug\net6.0\fine-code-coverage\build-output\UnitTests.dll
TpTrace Information: 0 : 20992, 1, 2022/07/12, 17:54:05.074, 2719179785727, vstest.console.dll, InferRunSettingsHelper.IsTestSettingsEnabled: Unable to navigate to RunSettings/MSTest. Current node: RunSettings
TpTrace Information: 0 : 20992, 1, 2022/07/12, 17:54:05.075, 2719179795581, vstest.console.dll, AssemblyResolver.OnResolve: Microsoft.VisualStudio.TestPlatform.Fakes: Resolving assembly.
TpTrace Information: 0 : 20992, 1, 2022/07/12, 17:54:05.075, 2719179796750, vstest.console.dll, AssemblyResolver.OnResolve: Microsoft.VisualStudio.TestPlatform.Fakes: Searching in: 'C:\Program Files\dotnet\sdk\6.0.301\Extensions'.
TpTrace Information: 0 : 20992, 1, 2022/07/12, 17:54:05.075, 2719179797959, vstest.console.dll, AssemblyResolver.OnResolve: Microsoft.VisualStudio.TestPlatform.Fakes: Assembly path does not exist: 'C:\Program Files\dotnet\sdk\6.0.301\Extensions\Microsoft.VisualStudio.TestPlatform.Fakes.dll', returning.
TpTrace Information: 0 : 20992, 1, 2022/07/12, 17:54:05.075, 2719179798700, vstest.console.dll, AssemblyResolver.OnResolve: Microsoft.VisualStudio.TestPlatform.Fakes: Assembly path does not exist: 'C:\Program Files\dotnet\sdk\6.0.301\Extensions\Microsoft.VisualStudio.TestPlatform.Fakes.exe', returning.
TpTrace Information: 0 : 20992, 1, 2022/07/12, 17:54:05.075, 2719179799053, vstest.console.dll, AssemblyResolver.OnResolve: Microsoft.VisualStudio.TestPlatform.Fakes: Searching in: 'C:\Program Files\dotnet\sdk\6.0.301'.
TpTrace Information: 0 : 20992, 1, 2022/07/12, 17:54:05.075, 2719179799795, vstest.console.dll, AssemblyResolver.OnResolve: Microsoft.VisualStudio.TestPlatform.Fakes: Assembly path does not exist: 'C:\Program Files\dotnet\sdk\6.0.301\Microsoft.VisualStudio.TestPlatform.Fakes.dll', returning.
TpTrace Information: 0 : 20992, 1, 2022/07/12, 17:54:05.075, 2719179801265, vstest.console.dll, AssemblyResolver.OnResolve: Microsoft.VisualStudio.TestPlatform.Fakes: Assembly path does not exist: 'C:\Program Files\dotnet\sdk\6.0.301\Microsoft.VisualStudio.TestPlatform.Fakes.exe', returning.
TpTrace Information: 0 : 20992, 1, 2022/07/12, 17:54:05.075, 2719179801616, vstest.console.dll, AssemblyResolver.OnResolve: Microsoft.VisualStudio.TestPlatform.Fakes: Failed to load assembly.
TpTrace Information: 0 : 20992, 1, 2022/07/12, 17:54:05.076, 2719179804889, vstest.console.dll, Failed to load assembly Microsoft.VisualStudio.TestPlatform.Fakes, Version=17.0.0.0, Culture=neutral. Reason:System.IO.FileNotFoundException: Could not load file or assembly 'Microsoft.VisualStudio.TestPlatform.Fakes, Version=17.0.0.0, Culture=neutral, PublicKeyToken=null'. The system cannot find the file specified.
File name: 'Microsoft.VisualStudio.TestPlatform.Fakes, Version=17.0.0.0, Culture=neutral, PublicKeyToken=null'
   at System.Reflection.RuntimeAssembly.InternalLoad(ObjectHandleOnStack assemblyName, ObjectHandleOnStack requestingAssembly, StackCrawlMarkHandle stackMark, Boolean throwOnFileNotFound, ObjectHandleOnStack assemblyLoadContext, ObjectHandleOnStack retAssembly)
   at System.Reflection.RuntimeAssembly.InternalLoad(AssemblyName assemblyName, RuntimeAssembly requestingAssembly, StackCrawlMark& stackMark, Boolean throwOnFileNotFound, AssemblyLoadContext assemblyLoadContext)
   at System.Reflection.Assembly.Load(AssemblyName assemblyRef)
   at Microsoft.VisualStudio.TestPlatform.Common.Utilities.FakesUtilities.LoadTestPlatformAssembly()
TpTrace Verbose: 0 : 20992, 1, 2022/07/12, 17:54:05.081, 2719179861744, vstest.console.dll, TestPluginCache.DiscoverTestExtensions: finding test extensions in assemblies ends with: TestLogger.dll TPluginInfo: Microsoft.VisualStudio.TestPlatform.Common.ExtensionFramework.Utilities.TestLoggerPluginInformation TExtension: Microsoft.VisualStudio.TestPlatform.ObjectModel.Client.ITestLogger
TpTrace Verbose: 0 : 20992, 1, 2022/07/12, 17:54:05.082, 2719179863072, vstest.console.dll, TestPluginCache.GetExtensionPaths: Filtered extension paths: 
TpTrace Verbose: 0 : 20992, 1, 2022/07/12, 17:54:05.082, 2719179863498, vstest.console.dll, TestPluginCache.GetExtensionPaths: Added default extension paths: C:\Program Files\dotnet\sdk\6.0.301\Extensions\DumpMinitool.exe
C:\Program Files\dotnet\sdk\6.0.301\Extensions\DumpMinitool.x86.exe
C:\Program Files\dotnet\sdk\6.0.301\Extensions\Microsoft.Diagnostics.NETCore.Client.dll
C:\Program Files\dotnet\sdk\6.0.301\Extensions\Microsoft.TestPlatform.Extensions.BlameDataCollector.dll
C:\Program Files\dotnet\sdk\6.0.301\Extensions\Microsoft.TestPlatform.Extensions.EventLogCollector.dll
C:\Program Files\dotnet\sdk\6.0.301\Extensions\Microsoft.TestPlatform.TestHostRuntimeProvider.dll
C:\Program Files\dotnet\sdk\6.0.301\Extensions\Microsoft.VisualStudio.TestPlatform.Extensions.Html.TestLogger.dll
C:\Program Files\dotnet\sdk\6.0.301\Extensions\Microsoft.VisualStudio.TestPlatform.Extensions.Trx.TestLogger.dll
TpTrace Verbose: 0 : 20992, 1, 2022/07/12, 17:54:05.082, 2719179864442, vstest.console.dll, TestPluginCache.GetExtensionPaths: Added unfilterableExtensionPaths: 
TpTrace Information: 0 : 20992, 1, 2022/07/12, 17:54:05.082, 2719179866386, vstest.console.dll, AssemblyResolver.AddSearchDirectories: Adding more searchDirectories C:\Program Files\dotnet\sdk\6.0.301\Extensions,C:\Program Files\dotnet\sdk\6.0.301
TpTrace Verbose: 0 : 20992, 1, 2022/07/12, 17:54:05.082, 2719179866939, vstest.console.dll, TestPluginCache.DiscoverTestExtensions: Discovering the extensions using extension path.
TpTrace Verbose: 0 : 20992, 1, 2022/07/12, 17:54:05.082, 2719179867336, vstest.console.dll, TestPluginCache.GetExtensionPaths: Filtered extension paths: 
TpTrace Verbose: 0 : 20992, 1, 2022/07/12, 17:54:05.082, 2719179867663, vstest.console.dll, TestPluginCache.GetExtensionPaths: Added default extension paths: C:\Program Files\dotnet\sdk\6.0.301\Extensions\DumpMinitool.exe
C:\Program Files\dotnet\sdk\6.0.301\Extensions\DumpMinitool.x86.exe
C:\Program Files\dotnet\sdk\6.0.301\Extensions\Microsoft.Diagnostics.NETCore.Client.dll
C:\Program Files\dotnet\sdk\6.0.301\Extensions\Microsoft.TestPlatform.Extensions.BlameDataCollector.dll
C:\Program Files\dotnet\sdk\6.0.301\Extensions\Microsoft.TestPlatform.Extensions.EventLogCollector.dll
C:\Program Files\dotnet\sdk\6.0.301\Extensions\Microsoft.TestPlatform.TestHostRuntimeProvider.dll
C:\Program Files\dotnet\sdk\6.0.301\Extensions\Microsoft.VisualStudio.TestPlatform.Extensions.Html.TestLogger.dll
C:\Program Files\dotnet\sdk\6.0.301\Extensions\Microsoft.VisualStudio.TestPlatform.Extensions.Trx.TestLogger.dll
TpTrace Verbose: 0 : 20992, 1, 2022/07/12, 17:54:05.082, 2719179868169, vstest.console.dll, TestPluginCache.GetExtensionPaths: Added unfilterableExtensionPaths: 
TpTrace Verbose: 0 : 20992, 1, 2022/07/12, 17:54:05.082, 2719179868528, vstest.console.dll, TestPluginCache.DiscoverTestExtensions: Discovering the extensions using allExtensionPaths: C:\Program Files\dotnet\sdk\6.0.301\Extensions\DumpMinitool.exe
C:\Program Files\dotnet\sdk\6.0.301\Extensions\DumpMinitool.x86.exe
C:\Program Files\dotnet\sdk\6.0.301\Extensions\Microsoft.Diagnostics.NETCore.Client.dll
C:\Program Files\dotnet\sdk\6.0.301\Extensions\Microsoft.TestPlatform.Extensions.BlameDataCollector.dll
C:\Program Files\dotnet\sdk\6.0.301\Extensions\Microsoft.TestPlatform.Extensions.EventLogCollector.dll
C:\Program Files\dotnet\sdk\6.0.301\Extensions\Microsoft.TestPlatform.TestHostRuntimeProvider.dll
C:\Program Files\dotnet\sdk\6.0.301\Extensions\Microsoft.VisualStudio.TestPlatform.Extensions.Html.TestLogger.dll
C:\Program Files\dotnet\sdk\6.0.301\Extensions\Microsoft.VisualStudio.TestPlatform.Extensions.Trx.TestLogger.dll
TpTrace Information: 0 : 20992, 1, 2022/07/12, 17:54:05.082, 2719179869073, vstest.console.dll, AssemblyResolver.AddSearchDirectories: Adding more searchDirectories C:\Program Files\dotnet\sdk\6.0.301\Extensions,C:\Program Files\dotnet\sdk\6.0.301
TpTrace Information: 0 : 20992, 1, 2022/07/12, 17:54:05.082, 2719179869455, vstest.console.dll, AssemblyResolver.AddSearchDirectories: Adding more searchDirectories C:\Program Files\dotnet\sdk\6.0.301\Extensions,C:\Program Files\dotnet\sdk\6.0.301
TpTrace Information: 0 : 20992, 1, 2022/07/12, 17:54:05.082, 2719179869856, vstest.console.dll, AssemblyResolver.AddSearchDirectories: Adding more searchDirectories C:\Program Files\dotnet\sdk\6.0.301\Extensions,C:\Program Files\dotnet\sdk\6.0.301
TpTrace Information: 0 : 20992, 1, 2022/07/12, 17:54:05.082, 2719179870191, vstest.console.dll, AssemblyResolver.AddSearchDirectories: Adding more searchDirectories C:\Program Files\dotnet\sdk\6.0.301\Extensions,C:\Program Files\dotnet\sdk\6.0.301
TpTrace Information: 0 : 20992, 1, 2022/07/12, 17:54:05.082, 2719179870516, vstest.console.dll, AssemblyResolver.AddSearchDirectories: Adding more searchDirectories C:\Program Files\dotnet\sdk\6.0.301\Extensions,C:\Program Files\dotnet\sdk\6.0.301
TpTrace Information: 0 : 20992, 1, 2022/07/12, 17:54:05.082, 2719179870901, vstest.console.dll, AssemblyResolver.AddSearchDirectories: Adding more searchDirectories C:\Program Files\dotnet\sdk\6.0.301\Extensions,C:\Program Files\dotnet\sdk\6.0.301
TpTrace Information: 0 : 20992, 1, 2022/07/12, 17:54:05.082, 2719179871235, vstest.console.dll, AssemblyResolver.AddSearchDirectories: Adding more searchDirectories C:\Program Files\dotnet\sdk\6.0.301\Extensions,C:\Program Files\dotnet\sdk\6.0.301
TpTrace Information: 0 : 20992, 1, 2022/07/12, 17:54:05.082, 2719179871562, vstest.console.dll, AssemblyResolver.AddSearchDirectories: Adding more searchDirectories C:\Program Files\dotnet\sdk\6.0.301\Extensions,C:\Program Files\dotnet\sdk\6.0.301
TpTrace Verbose: 0 : 20992, 1, 2022/07/12, 17:54:05.083, 2719179873133, vstest.console.dll, MetadataReaderExtensionsHelper: Discovering extensions inside assembly 'DumpMinitool, Version=15.0.0.0, Culture=neutral, PublicKeyToken=b03f5f7f11d50a3a' file path 'C:\Program Files\dotnet\sdk\6.0.301\Extensions\DumpMinitool.exe'
TpTrace Verbose: 0 : 20992, 1, 2022/07/12, 17:54:05.083, 2719179881119, vstest.console.dll, MetadataReaderExtensionsHelper: Discovering extensions inside assembly 'DumpMinitool.x86, Version=15.0.0.0, Culture=neutral, PublicKeyToken=b03f5f7f11d50a3a' file path 'C:\Program Files\dotnet\sdk\6.0.301\Extensions\DumpMinitool.x86.exe'
TpTrace Verbose: 0 : 20992, 1, 2022/07/12, 17:54:05.084, 2719179889002, vstest.console.dll, MetadataReaderExtensionsHelper: Discovering extensions inside assembly 'Microsoft.Diagnostics.NETCore.Client, Version=0.2.5.801, Culture=neutral, PublicKeyToken=31bf3856ad364e35' file path 'C:\Program Files\dotnet\sdk\6.0.301\Extensions\Microsoft.Diagnostics.NETCore.Client.dll'
TpTrace Information: 0 : 20992, 1, 2022/07/12, 17:54:05.085, 2719179897022, vstest.console.dll, AssemblyResolver.OnResolve: Microsoft.Bcl.AsyncInterfaces: Resolving assembly.
TpTrace Information: 0 : 20992, 1, 2022/07/12, 17:54:05.085, 2719179897811, vstest.console.dll, AssemblyResolver.OnResolve: Microsoft.Bcl.AsyncInterfaces: Resolved from cache.
TpTrace Verbose: 0 : 20992, 1, 2022/07/12, 17:54:05.085, 2719179898254, vstest.console.dll, CurrentDomainAssemblyResolve: Resolving assembly 'Microsoft.Bcl.AsyncInterfaces'.
TpTrace Information: 0 : 20992, 1, 2022/07/12, 17:54:05.085, 2719179898800, vstest.console.dll, AssemblyResolver.OnResolve: Microsoft.Bcl.AsyncInterfaces: Resolving assembly.
TpTrace Information: 0 : 20992, 1, 2022/07/12, 17:54:05.085, 2719179899136, vstest.console.dll, AssemblyResolver.OnResolve: Microsoft.Bcl.AsyncInterfaces: Resolved from cache.
TpTrace Verbose: 0 : 20992, 1, 2022/07/12, 17:54:05.085, 2719179899466, vstest.console.dll, CurrentDomainAssemblyResolve: Resolving assembly 'Microsoft.Bcl.AsyncInterfaces'.
TpTrace Verbose: 0 : 20992, 1, 2022/07/12, 17:54:05.085, 2719179899834, vstest.console.dll, CurrentDomainAssemblyResolve: Failed to resolve assembly 'Microsoft.Bcl.AsyncInterfaces'.
TpTrace Verbose: 0 : 20992, 1, 2022/07/12, 17:54:05.085, 2719179901311, vstest.console.dll, CurrentDomainAssemblyResolve: Failed to resolve assembly 'Microsoft.Bcl.AsyncInterfaces'.
TpTrace Warning: 0 : 20992, 1, 2022/07/12, 17:54:05.086, 2719179906973, vstest.console.dll, TestPluginDiscoverer: Failed to get types from assembly 'Microsoft.Diagnostics.NETCore.Client, Version=0.2.5.801, Culture=neutral, PublicKeyToken=31bf3856ad364e35'. Error: System.Reflection.ReflectionTypeLoadException: Unable to load one or more of the requested types.
Could not load file or assembly 'Microsoft.Bcl.AsyncInterfaces, Version=1.0.0.0, Culture=neutral, PublicKeyToken=cc7b13ffcd2ddd51'. The system cannot find the file specified.
   at System.Reflection.RuntimeModule.GetTypes(RuntimeModule module)
   at System.Reflection.Assembly.GetTypes()
   at Microsoft.VisualStudio.TestPlatform.Common.ExtensionFramework.TestPluginDiscoverer.GetTestExtensionsFromAssembly[TPluginInfo,TExtension](Assembly assembly, Dictionary`2 pluginInfos, String filePath)
System.IO.FileNotFoundException: Could not load file or assembly 'Microsoft.Bcl.AsyncInterfaces, Version=1.0.0.0, Culture=neutral, PublicKeyToken=cc7b13ffcd2ddd51'. The system cannot find the file specified.
File name: 'Microsoft.Bcl.AsyncInterfaces, Version=1.0.0.0, Culture=neutral, PublicKeyToken=cc7b13ffcd2ddd51'
 ---> System.IO.FileNotFoundException: Could not load file or assembly 'Microsoft.Bcl.AsyncInterfaces, Culture=neutral, PublicKeyToken=null'. The system cannot find the file specified.
File name: 'Microsoft.Bcl.AsyncInterfaces, Culture=neutral, PublicKeyToken=null'
   at System.Reflection.RuntimeAssembly.InternalLoad(ObjectHandleOnStack assemblyName, ObjectHandleOnStack requestingAssembly, StackCrawlMarkHandle stackMark, Boolean throwOnFileNotFound, ObjectHandleOnStack assemblyLoadContext, ObjectHandleOnStack retAssembly)
   at System.Reflection.RuntimeAssembly.InternalLoad(AssemblyName assemblyName, RuntimeAssembly requestingAssembly, StackCrawlMark& stackMark, Boolean throwOnFileNotFound, AssemblyLoadContext assemblyLoadContext)
   at System.Reflection.Assembly.Load(AssemblyName assemblyRef)
   at Microsoft.VisualStudio.TestPlatform.Common.ExtensionFramework.TestPluginCache.CurrentDomainAssemblyResolve(Object sender, AssemblyResolveEventArgs args)
   at Microsoft.VisualStudio.TestPlatform.PlatformAbstractions.PlatformAssemblyResolver.AssemblyResolverEvent(Object sender, Object eventArgs)
   at System.Runtime.Loader.AssemblyLoadContext.GetFirstResolvedAssemblyFromResolvingEvent(AssemblyName assemblyName)
   at System.Runtime.Loader.AssemblyLoadContext.ResolveUsingEvent(AssemblyName assemblyName)
   at System.Runtime.Loader.AssemblyLoadContext.ResolveUsingResolvingEvent(IntPtr gchManagedAssemblyLoadContext, AssemblyName assemblyName)
TpTrace Warning: 0 : 20992, 1, 2022/07/12, 17:54:05.086, 2719179909359, vstest.console.dll, LoaderExceptions: System.IO.FileNotFoundException: Could not load file or assembly 'Microsoft.Bcl.AsyncInterfaces, Version=1.0.0.0, Culture=neutral, PublicKeyToken=cc7b13ffcd2ddd51'. The system cannot find the file specified.
File name: 'Microsoft.Bcl.AsyncInterfaces, Version=1.0.0.0, Culture=neutral, PublicKeyToken=cc7b13ffcd2ddd51'
 ---> System.IO.FileNotFoundException: Could not load file or assembly 'Microsoft.Bcl.AsyncInterfaces, Culture=neutral, PublicKeyToken=null'. The system cannot find the file specified.
File name: 'Microsoft.Bcl.AsyncInterfaces, Culture=neutral, PublicKeyToken=null'
   at System.Reflection.RuntimeAssembly.InternalLoad(ObjectHandleOnStack assemblyName, ObjectHandleOnStack requestingAssembly, StackCrawlMarkHandle stackMark, Boolean throwOnFileNotFound, ObjectHandleOnStack assemblyLoadContext, ObjectHandleOnStack retAssembly)
   at System.Reflection.RuntimeAssembly.InternalLoad(AssemblyName assemblyName, RuntimeAssembly requestingAssembly, StackCrawlMark& stackMark, Boolean throwOnFileNotFound, AssemblyLoadContext assemblyLoadContext)
   at System.Reflection.Assembly.Load(AssemblyName assemblyRef)
   at Microsoft.VisualStudio.TestPlatform.Common.ExtensionFramework.TestPluginCache.CurrentDomainAssemblyResolve(Object sender, AssemblyResolveEventArgs args)
   at Microsoft.VisualStudio.TestPlatform.PlatformAbstractions.PlatformAssemblyResolver.AssemblyResolverEvent(Object sender, Object eventArgs)
   at System.Runtime.Loader.AssemblyLoadContext.GetFirstResolvedAssemblyFromResolvingEvent(AssemblyName assemblyName)
   at System.Runtime.Loader.AssemblyLoadContext.ResolveUsingEvent(AssemblyName assemblyName)
   at System.Runtime.Loader.AssemblyLoadContext.ResolveUsingResolvingEvent(IntPtr gchManagedAssemblyLoadContext, AssemblyName assemblyName)
TpTrace Verbose: 0 : 20992, 1, 2022/07/12, 17:54:05.086, 2719179910336, vstest.console.dll, MetadataReaderExtensionsHelper: Discovering extensions inside assembly 'Microsoft.TestPlatform.Extensions.BlameDataCollector, Version=15.0.0.0, Culture=neutral, PublicKeyToken=b03f5f7f11d50a3a' file path 'C:\Program Files\dotnet\sdk\6.0.301\Extensions\Microsoft.TestPlatform.Extensions.BlameDataCollector.dll'
TpTrace Information: 0 : 20992, 1, 2022/07/12, 17:54:05.088, 2719179925161, vstest.console.dll, GetTestExtensionFromType: Register extension with identifier data 'logger://Microsoft/TestPlatform/Extensions/Blame/v1' and type 'Microsoft.TestPlatform.Extensions.BlameDataCollector.BlameLogger, Microsoft.TestPlatform.Extensions.BlameDataCollector, Version=15.0.0.0, Culture=neutral, PublicKeyToken=b03f5f7f11d50a3a' inside file 'C:\Program Files\dotnet\sdk\6.0.301\Extensions\Microsoft.TestPlatform.Extensions.BlameDataCollector.dll'
TpTrace Verbose: 0 : 20992, 1, 2022/07/12, 17:54:05.088, 2719179926445, vstest.console.dll, MetadataReaderExtensionsHelper: Discovering extensions inside assembly 'Microsoft.TestPlatform.Extensions.EventLogCollector, Version=15.0.0.0, Culture=neutral, PublicKeyToken=b03f5f7f11d50a3a' file path 'C:\Program Files\dotnet\sdk\6.0.301\Extensions\Microsoft.TestPlatform.Extensions.EventLogCollector.dll'
TpTrace Verbose: 0 : 20992, 1, 2022/07/12, 17:54:05.089, 2719179936027, vstest.console.dll, MetadataReaderExtensionsHelper: Discovering extensions inside assembly 'Microsoft.TestPlatform.TestHostRuntimeProvider, Version=15.0.0.0, Culture=neutral, PublicKeyToken=b03f5f7f11d50a3a' file path 'C:\Program Files\dotnet\sdk\6.0.301\Extensions\Microsoft.TestPlatform.TestHostRuntimeProvider.dll'
TpTrace Verbose: 0 : 20992, 1, 2022/07/12, 17:54:05.090, 2719179947055, vstest.console.dll, MetadataReaderExtensionsHelper: Discovering extensions inside assembly 'Microsoft.VisualStudio.TestPlatform.Extensions.Html.TestLogger, Version=15.0.0.0, Culture=neutral, PublicKeyToken=b03f5f7f11d50a3a' file path 'C:\Program Files\dotnet\sdk\6.0.301\Extensions\Microsoft.VisualStudio.TestPlatform.Extensions.Html.TestLogger.dll'
TpTrace Information: 0 : 20992, 1, 2022/07/12, 17:54:05.091, 2719179955640, vstest.console.dll, GetTestExtensionFromType: Register extension with identifier data 'logger://Microsoft/TestPlatform/HtmlLogger/v1' and type 'Microsoft.VisualStudio.TestPlatform.Extensions.HtmlLogger.HtmlLogger, Microsoft.VisualStudio.TestPlatform.Extensions.Html.TestLogger, Version=15.0.0.0, Culture=neutral, PublicKeyToken=b03f5f7f11d50a3a' inside file 'C:\Program Files\dotnet\sdk\6.0.301\Extensions\Microsoft.VisualStudio.TestPlatform.Extensions.Html.TestLogger.dll'
TpTrace Verbose: 0 : 20992, 1, 2022/07/12, 17:54:05.091, 2719179956916, vstest.console.dll, MetadataReaderExtensionsHelper: Discovering extensions inside assembly 'Microsoft.VisualStudio.TestPlatform.Extensions.Trx.TestLogger, Version=15.0.0.0, Culture=neutral, PublicKeyToken=b03f5f7f11d50a3a' file path 'C:\Program Files\dotnet\sdk\6.0.301\Extensions\Microsoft.VisualStudio.TestPlatform.Extensions.Trx.TestLogger.dll'
TpTrace Information: 0 : 20992, 1, 2022/07/12, 17:54:05.092, 2719179965263, vstest.console.dll, GetTestExtensionFromType: Register extension with identifier data 'logger://Microsoft/TestPlatform/TrxLogger/v1' and type 'Microsoft.VisualStudio.TestPlatform.Extensions.TrxLogger.TrxLogger, Microsoft.VisualStudio.TestPlatform.Extensions.Trx.TestLogger, Version=15.0.0.0, Culture=neutral, PublicKeyToken=b03f5f7f11d50a3a' inside file 'C:\Program Files\dotnet\sdk\6.0.301\Extensions\Microsoft.VisualStudio.TestPlatform.Extensions.Trx.TestLogger.dll'
TpTrace Verbose: 0 : 20992, 1, 2022/07/12, 17:54:05.092, 2719179967151, vstest.console.dll, TestPluginCache: Discovered the extensions using extension path ''.
TpTrace Verbose: 0 : 20992, 1, 2022/07/12, 17:54:05.092, 2719179968648, vstest.console.dll, TestPluginCache: Discoverers are ''.
TpTrace Verbose: 0 : 20992, 1, 2022/07/12, 17:54:05.092, 2719179969443, vstest.console.dll, TestPluginCache: Executors are ''.
TpTrace Verbose: 0 : 20992, 1, 2022/07/12, 17:54:05.092, 2719179969855, vstest.console.dll, TestPluginCache: Executors2 are ''.
TpTrace Verbose: 0 : 20992, 1, 2022/07/12, 17:54:05.092, 2719179970511, vstest.console.dll, TestPluginCache: Setting providers are ''.
TpTrace Verbose: 0 : 20992, 1, 2022/07/12, 17:54:05.093, 2719179971945, vstest.console.dll, TestPluginCache: Loggers are 'logger://Microsoft/TestPlatform/Extensions/Blame/v1,logger://Microsoft/TestPlatform/HtmlLogger/v1,logger://Microsoft/TestPlatform/TrxLogger/v1'.
TpTrace Verbose: 0 : 20992, 1, 2022/07/12, 17:54:05.093, 2719179973107, vstest.console.dll, TestPluginCache: TestHosts are 'HostProvider://DefaultTestHost,HostProvider://DotnetTestHost'.
TpTrace Verbose: 0 : 20992, 1, 2022/07/12, 17:54:05.093, 2719179974661, vstest.console.dll, TestPluginCache: DataCollectors are ''.
TpTrace Information: 0 : 20992, 1, 2022/07/12, 17:54:05.094, 2719179990498, vstest.console.dll, TestPluginManager.CreateTestExtension: Attempting to load test extension: Microsoft.TestPlatform.Extensions.BlameDataCollector.BlameLogger
TpTrace Information: 0 : 20992, 1, 2022/07/12, 17:54:05.102, 2719180064453, vstest.console.dll, TestPluginManager.CreateTestExtension: Attempting to load test extension: Microsoft.VisualStudio.TestPlatform.CrossPlatEngine.Hosting.DefaultTestHostManager
TpTrace Information: 0 : 20992, 1, 2022/07/12, 17:54:05.103, 2719180074166, vstest.console.dll, TestPluginManager.CreateTestExtension: Attempting to load test extension: Microsoft.VisualStudio.TestPlatform.CrossPlatEngine.Hosting.DotnetTestHostManager
TpTrace Verbose: 0 : 20992, 1, 2022/07/12, 17:54:05.103, 2719180080664, vstest.console.dll, TestEngine: Initializing Parallel Execution as MaxCpuCount is set to: 1
TpTrace Information: 0 : 20992, 1, 2022/07/12, 17:54:05.104, 2719180090600, vstest.console.dll, InferRunSettingsHelper.IsTestSettingsEnabled: Unable to navigate to RunSettings/MSTest. Current node: RunSettings
TpTrace Verbose: 0 : 20992, 1, 2022/07/12, 17:54:05.106, 2719180110234, vstest.console.dll, TestRequestSender is acting as server.
TpTrace Verbose: 0 : 20992, 1, 2022/07/12, 17:54:05.108, 2719180127202, vstest.console.dll, TestEngine.GetExecutionManager: Chosen execution manager 'Microsoft.VisualStudio.TestPlatform.CrossPlatEngine.Client.Parallel.ParallelProxyExecutionManager, Microsoft.TestPlatform.CrossPlatEngine, Version=15.0.0.0, Culture=neutral, PublicKeyToken=b03f5f7f11d50a3a' ParallelLevel '1' Shared host 'False'
TpTrace Verbose: 0 : 20992, 5, 2022/07/12, 17:54:05.112, 2719180171104, vstest.console.dll, DataCollectionRequestSender.InitializeCommunication : Initialize communication. 
TpTrace Information: 0 : 20992, 5, 2022/07/12, 17:54:05.119, 2719180232418, vstest.console.dll, Listening on Endpoint : 127.0.0.1:62590
TpTrace Verbose: 0 : 20992, 5, 2022/07/12, 17:54:05.126, 2719180301968, vstest.console.dll, DotnetDataCollectionLauncher: Full path of dotnet.exe is C:\Program Files\dotnet\dotnet.exe
TpTrace Verbose: 0 : 20992, 5, 2022/07/12, 17:54:05.126, 2719180307595, vstest.console.dll, DotnetDataCollectionLauncher: Adding  --runtimeconfig "C:\Program Files\dotnet\sdk\6.0.301\datacollector.runtimeconfig.json" in args
TpTrace Verbose: 0 : 20992, 5, 2022/07/12, 17:54:05.126, 2719180309236, vstest.console.dll, DotnetDataCollectionLauncher: Adding  --depsfile "C:\Program Files\dotnet\sdk\6.0.301\datacollector.deps.json" in args
TpTrace Information: 0 : 20992, 5, 2022/07/12, 17:54:05.136, 2719180405461, vstest.console.dll, ProxyDataCollectionManager.Initialize: Launched datacollector processId: 22648 port: 62590
TpTrace Information: 0 : 20992, 5, 2022/07/12, 17:54:05.136, 2719180407022, vstest.console.dll, ProxyDataCollectionManager.Initialize: waiting for connection with timeout: 90 seconds
TpTrace Verbose: 0 : 20992, 5, 2022/07/12, 17:54:05.136, 2719180407893, vstest.console.dll, DataCollectionRequestSender.WaitForRequestHandlerConnection : Waiting for connection with timeout: 90000
TpTrace Information: 0 : 20992, 8, 2022/07/12, 17:54:05.291, 2719181951903, vstest.console.dll, Using the buffer size of 16384 bytes
TpTrace Verbose: 0 : 20992, 5, 2022/07/12, 17:54:05.291, 2719181952241, vstest.console.dll, SocketCommunicationManager.WaitForClientConnection took: 154 ms, with 90000 ms timeout, and finished with True.
TpTrace Information: 0 : 20992, 8, 2022/07/12, 17:54:05.291, 2719181953444, vstest.console.dll, Accepted Client request and set the flag
TpTrace Verbose: 0 : 20992, 5, 2022/07/12, 17:54:05.291, 2719181955239, vstest.console.dll, ProxyDataCollectionManager.InvokeDataCollectionServiceAction: Starting.
TpTrace Information: 0 : 20992, 5, 2022/07/12, 17:54:05.291, 2719181956568, vstest.console.dll, ProxyDataCollectionManager.BeforeTestRunStart: Get environment variable and port for datacollector processId: 22648 port: 62590
TpTrace Verbose: 0 : 20992, 5, 2022/07/12, 17:54:05.291, 2719181958324, vstest.console.dll, DataCollectionRequestSender.SendBeforeTestRunStartAndGetResult: Send BeforeTestRunStart message with settingsXml <RunSettings><RunConfiguration><ResultsDirectory>C:\Users\tej\workArea\Asp.Net\METER-API\UnitTests\bin\Debug\net6.0\fine-code-coverage\coverage-tool-output</ResultsDirectory><TargetPlatform>X64</TargetPlatform><TargetFrameworkVersion>.NETCoreApp,Version=v6.0</TargetFrameworkVersion><DesignMode>False</DesignMode><CollectSourceInformation>False</CollectSourceInformation><TestAdaptersPaths>C:\Program Files\dotnet\sdk\6.0.301\Extensions</TestAdaptersPaths></RunConfiguration><LoggerRunSettings><Loggers><Logger friendlyName="blame" enabled="True" /><Logger friendlyName="Console" uri="logger://microsoft/TestPlatform/ConsoleLogger/v1" assemblyQualifiedName="Microsoft.VisualStudio.TestPlatform.CommandLine.Internal.ConsoleLogger, vstest.console, Version=15.0.0.0, Culture=neutral, PublicKeyToken=b03f5f7f11d50a3a" codeBase="C:\Program Files\dotnet\sdk\6.0.301\vstest.console.dll" enabled="True" /></Loggers></LoggerRunSettings><DataCollectionRunSettings><DataCollectors><DataCollector friendlyName="blame" enabled="True"><Configuration><ResultsDirectory>C:\Users\tej\workArea\Asp.Net\METER-API\UnitTests\bin\Debug\net6.0\fine-code-coverage\coverage-tool-output</ResultsDirectory></Configuration></DataCollector></DataCollectors></DataCollectionRunSettings></RunSettings> and sources System.Linq.Enumerable+Concat2Iterator`1[System.String]: 
TpTrace Verbose: 0 : 20992, 5, 2022/07/12, 17:54:05.370, 2719182751005, vstest.console.dll, DataCollectionRequestSender.SendBeforeTestRunStartAndGetResult: Received message: (DataCollection.SendMessage) -> {
  "FriendlyName": null,
  "Uri": null,
  "TestCaseId": "00000000-0000-0000-0000-000000000000",
  "Message": "Logging DataCollector Diagnostics in file: C:\\Users\\tej\\workArea\\Asp.Net\\METER-API\\UnitTests\\bin\\Debug\\net6.0\\fine-code-coverage\\coverage-tool-output\\diagnostics.datacollector.22-07-12_17-54-05_12550_5.log",
  "Level": 0
}
TpTrace Verbose: 0 : 20992, 5, 2022/07/12, 17:54:05.479, 2719183840556, vstest.console.dll, DataCollectionRequestSender.SendBeforeTestRunStartAndGetResult: Received message: (DataCollection.BeforeTestRunStartResult) -> {
  "EnvironmentVariables": {},
  "DataCollectionEventsPort": 62592
}
TpTrace Information: 0 : 20992, 5, 2022/07/12, 17:54:05.485, 2719183901601, vstest.console.dll, ProxyDataCollectionManager.BeforeTestRunStart: SendBeforeTestRunStartAndGetResult successful, env variable from datacollector:   and testhost port: 62592
TpTrace Information: 0 : 20992, 5, 2022/07/12, 17:54:05.486, 2719183902604, vstest.console.dll, ProxyDataCollectionManager.InvokeDataCollectionServiceAction: Completed.
TpTrace Verbose: 0 : 20992, 1, 2022/07/12, 17:54:05.486, 2719183904398, vstest.console.dll, TestRunRequest.ExecuteAsync: Creating test run request.
TpTrace Verbose: 0 : 20992, 1, 2022/07/12, 17:54:05.486, 2719183907554, vstest.console.dll, TestRunRequest.ExecuteAsync: Starting.
TpTrace Information: 0 : 20992, 1, 2022/07/12, 17:54:05.486, 2719183910755, vstest.console.dll, TestRunRequest.ExecuteAsync: Starting run with settings:TestRunCriteria:
   KeepAlive=False,FrequencyOfRunStatsChangeEvent=10,RunStatsChangeEventTimeout=00:00:01.5000000,TestCaseFilter=,TestExecutorLauncher=
   Settingsxml=<RunSettings>
  <RunConfiguration>
    <ResultsDirectory>C:\Users\tej\workArea\Asp.Net\METER-API\UnitTests\bin\Debug\net6.0\fine-code-coverage\coverage-tool-output</ResultsDirectory>
    <TargetPlatform>X64</TargetPlatform>
    <TargetFrameworkVersion>.NETCoreApp,Version=v6.0</TargetFrameworkVersion>
    <DesignMode>False</DesignMode>
    <CollectSourceInformation>False</CollectSourceInformation>
  </RunConfiguration>
  <LoggerRunSettings>
    <Loggers>
      <Logger friendlyName="blame" enabled="True" />
      <Logger friendlyName="Console" uri="logger://microsoft/TestPlatform/ConsoleLogger/v1" assemblyQualifiedName="Microsoft.VisualStudio.TestPlatform.CommandLine.Internal.ConsoleLogger, vstest.console, Version=15.0.0.0, Culture=neutral, PublicKeyToken=b03f5f7f11d50a3a" codeBase="C:\Program Files\dotnet\sdk\6.0.301\vstest.console.dll" enabled="True" />
    </Loggers>
  </LoggerRunSettings>
  <DataCollectionRunSettings>
    <DataCollectors>
      <DataCollector friendlyName="blame" enabled="True">
        <Configuration>
          <ResultsDirectory>C:\Users\tej\workArea\Asp.Net\METER-API\UnitTests\bin\Debug\net6.0\fine-code-coverage\coverage-tool-output</ResultsDirectory>
        </Configuration>
      </DataCollector>
    </DataCollectors>
  </DataCollectionRunSettings>
</RunSettings>

TpTrace Verbose: 0 : 20992, 1, 2022/07/12, 17:54:05.486, 2719183911346, vstest.console.dll, TestRunRequest.ExecuteAsync: Wait for the first run request is over.
TpTrace Verbose: 0 : 20992, 1, 2022/07/12, 17:54:05.487, 2719183914259, vstest.console.dll, MulticastDelegateUtilities.SafeInvoke: TestRun.TestRunStart: Invoking callbacks was skipped because there are no subscribers.
TpTrace Verbose: 0 : 20992, 1, 2022/07/12, 17:54:05.487, 2719183917034, vstest.console.dll, ParallelProxyExecutionManager: Start execution. Total sources: 1
TpTrace Verbose: 0 : 20992, 4, 2022/07/12, 17:54:05.487, 2719183917436, vstest.console.dll, MulticastDelegateUtilities.SafeInvoke: InternalTestLoggerEvents.SendTestRunStart: Invoking callback 1/1 for Microsoft.VisualStudio.TestPlatform.CommandLine.Internal.ConsoleLogger.TestRunStartHandler, took 0 ms.
TpTrace Information: 0 : 20992, 1, 2022/07/12, 17:54:05.488, 2719183925264, vstest.console.dll, ProxyParallelExecutionManager: Triggering test run for next source: C:\Users\tej\workArea\Asp.Net\METER-API\UnitTests\bin\Debug\net6.0\fine-code-coverage\build-output\UnitTests.dll
TpTrace Verbose: 0 : 20992, 5, 2022/07/12, 17:54:05.488, 2719183927405, vstest.console.dll, ParallelProxyExecutionManager: Execution started. Started clients: 1
TpTrace Verbose: 0 : 20992, 1, 2022/07/12, 17:54:05.488, 2719183927581, vstest.console.dll, ProxyParallelExecutionManager: No sources available for execution.
TpTrace Information: 0 : 20992, 1, 2022/07/12, 17:54:05.488, 2719183929648, vstest.console.dll, TestRunRequest.ExecuteAsync: Started.
TpTrace Verbose: 0 : 20992, 1, 2022/07/12, 17:54:05.488, 2719183930439, vstest.console.dll, TestRunRequest.WaitForCompletion: Waiting with timeout -1.
TpTrace Verbose: 0 : 20992, 5, 2022/07/12, 17:54:05.488, 2719183930751, vstest.console.dll, TestRunRequest:SendTestRunMessage: Starting.
TpTrace Verbose: 0 : 20992, 5, 2022/07/12, 17:54:05.489, 2719183932325, vstest.console.dll, MulticastDelegateUtilities.SafeInvoke: TestRun.LogMessages: Invoking callback 1/1 for Microsoft.VisualStudio.TestPlatform.CommandLine.TestRunResultAggregator.TestRunMessageHandler, took 0 ms.
TpTrace Verbose: 0 : 20992, 4, 2022/07/12, 17:54:05.489, 2719183932793, vstest.console.dll, MulticastDelegateUtilities.SafeInvoke: InternalTestLoggerEvents.SendTestRunMessage: Invoking callback 1/1 for Microsoft.VisualStudio.TestPlatform.CommandLine.Internal.ConsoleLogger.TestMessageHandler, took 0 ms.
TpTrace Information: 0 : 20992, 5, 2022/07/12, 17:54:05.489, 2719183932885, vstest.console.dll, TestRunRequest:SendTestRunMessage: Completed.
TpTrace Verbose: 0 : 20992, 5, 2022/07/12, 17:54:05.489, 2719183937111, vstest.console.dll, ProxyExecutionManager: Test host is always Lazy initialize.
TpTrace Verbose: 0 : 20992, 5, 2022/07/12, 17:54:05.489, 2719183939023, vstest.console.dll, TestRequestSender.InitializeCommunication: initialize communication. 
TpTrace Information: 0 : 20992, 5, 2022/07/12, 17:54:05.490, 2719183945512, vstest.console.dll, SocketServer.Start: Listening on endpoint : 127.0.0.1:62593
TpTrace Verbose: 0 : 20992, 5, 2022/07/12, 17:54:05.491, 2719183955531, vstest.console.dll, DotnetTestHostmanager.GetTestHostProcessStartInfo: Platform environment 'X64' target architecture 'X64' framework '.NETCoreApp,Version=v6.0' OS 'Windows'
TpTrace Verbose: 0 : 20992, 5, 2022/07/12, 17:54:05.492, 2719183962383, vstest.console.dll, DotnetTestHostmanager: Adding  --runtimeconfig "C:\Users\tej\workArea\Asp.Net\METER-API\UnitTests\bin\Debug\net6.0\fine-code-coverage\build-output\UnitTests.runtimeconfig.json" in args
TpTrace Verbose: 0 : 20992, 5, 2022/07/12, 17:54:05.492, 2719183963641, vstest.console.dll, DotnetTestHostmanager: Adding  --depsfile "C:\Users\tej\workArea\Asp.Net\METER-API\UnitTests\bin\Debug\net6.0\fine-code-coverage\build-output\UnitTests.deps.json" in args
TpTrace Verbose: 0 : 20992, 5, 2022/07/12, 17:54:05.492, 2719183967476, vstest.console.dll, DotnetTestHostmanager.IsWinOnArm: Current PROCESSOR_ARCHITECTURE from environment variable 'AMD64'
TpTrace Verbose: 0 : 20992, 5, 2022/07/12, 17:54:05.492, 2719183968313, vstest.console.dll, DotnetTestHostmanager.IsWinOnArm: Is Windows on ARM 'False'
TpTrace Verbose: 0 : 20992, 5, 2022/07/12, 17:54:05.492, 2719183969284, vstest.console.dll, DotnetTestHostManager: testhost.exe found at path: C:\Users\tej\workArea\Asp.Net\METER-API\UnitTests\bin\Debug\net6.0\fine-code-coverage\build-output\testhost.exe
TpTrace Verbose: 0 : 20992, 5, 2022/07/12, 17:54:05.492, 2719183970047, vstest.console.dll, DotnetTestHostmanager: Full path of host exe is C:\Users\tej\workArea\Asp.Net\METER-API\UnitTests\bin\Debug\net6.0\fine-code-coverage\build-output\testhost.exe
TpTrace Verbose: 0 : 20992, 5, 2022/07/12, 17:54:05.492, 2719183971486, vstest.console.dll, DotnetTestHostmanager.LaunchTestHostAsync: Found 'VSTEST_WINAPPHOST_DOTNET_ROOT' in env variables, value 'C:\Program Files\dotnet', forwarding to 'DOTNET_ROOT'
TpTrace Verbose: 0 : 20992, 7, 2022/07/12, 17:54:05.494, 2719183984167, vstest.console.dll, DotnetTestHostManager: Starting process 'C:\Users\tej\workArea\Asp.Net\METER-API\UnitTests\bin\Debug\net6.0\fine-code-coverage\build-output\testhost.exe' with command line ' --runtimeconfig "C:\Users\tej\workArea\Asp.Net\METER-API\UnitTests\bin\Debug\net6.0\fine-code-coverage\build-output\UnitTests.runtimeconfig.json" --depsfile "C:\Users\tej\workArea\Asp.Net\METER-API\UnitTests\bin\Debug\net6.0\fine-code-coverage\build-output\UnitTests.deps.json" --port 62593 --endpoint 127.0.0.1:062593 --role client --parentprocessid 20992 --diag "C:\Users\tej\workArea\Asp.Net\METER-API\UnitTests\bin\Debug\net6.0\fine-code-coverage\coverage-tool-output\diagnostics.host.22-07-12_17-54-05_49095_5.log" --tracelevel 4 --datacollectionport 62592 --telemetryoptedin false'
TpTrace Verbose: 0 : 20992, 7, 2022/07/12, 17:54:05.533, 2719184375090, vstest.console.dll, MulticastDelegateUtilities.SafeInvoke: HostProviderEvents.OnHostLaunched: Invoking callback 1/2 for Microsoft.VisualStudio.TestPlatform.CrossPlatEngine.Client.ProxyExecutionManagerWithDataCollection.TestHostLaunchedHandler, took 1 ms.
TpTrace Verbose: 0 : 20992, 7, 2022/07/12, 17:54:05.533, 2719184376286, vstest.console.dll, Test Runtime launched
TpTrace Verbose: 0 : 20992, 7, 2022/07/12, 17:54:05.533, 2719184376833, vstest.console.dll, MulticastDelegateUtilities.SafeInvoke: HostProviderEvents.OnHostLaunched: Invoking callback 2/2 for Microsoft.VisualStudio.TestPlatform.CrossPlatEngine.Client.ProxyOperationManager.TestHostManagerHostLaunched, took 0 ms.
TpTrace Verbose: 0 : 20992, 5, 2022/07/12, 17:54:05.534, 2719184382835, vstest.console.dll, TestRequestSender.WaitForRequestHandlerConnection: waiting for connection with timeout: 90000.
TpTrace Verbose: 0 : 20992, 5, 2022/07/12, 17:54:05.789, 2719186938811, vstest.console.dll, TestRequestSender.WaitForRequestHandlerConnection: waiting took 255 ms, with timeout 90000 ms, and result 0, which is success.
TpTrace Verbose: 0 : 20992, 7, 2022/07/12, 17:54:05.789, 2719186938901, vstest.console.dll, MulticastDelegateUtilities.SafeInvoke: SocketServer: ClientConnected: Invoking callback 1/1 for Microsoft.VisualStudio.TestPlatform.CommunicationUtilities.TestRequestSender.<InitializeCommunication>b__23_0, took 0 ms.
TpTrace Verbose: 0 : 20992, 7, 2022/07/12, 17:54:05.789, 2719186941698, vstest.console.dll, SocketServer.OnClientConnected: Client connected for endPoint: 127.0.0.1:62593, starting MessageLoopAsync:
TpTrace Verbose: 0 : 20992, 14, 2022/07/12, 17:54:05.790, 2719186944351, vstest.console.dll, TcpClientExtensions.MessageLoopAsync: Polling on remoteEndPoint: 127.0.0.1:62594 localEndPoint: 127.0.0.1:62593
TpTrace Verbose: 0 : 20992, 5, 2022/07/12, 17:54:05.791, 2719186954983, vstest.console.dll, TestRequestSender.CheckVersionWithTestHost: Sending check version message: {"MessageType":"ProtocolVersion","Payload":6}
TpTrace Verbose: 0 : 20992, 14, 2022/07/12, 17:54:06.013, 2719189171971, vstest.console.dll, TcpClientExtensions.MessageLoopAsync: NotifyDataAvailable remoteEndPoint: 127.0.0.1:62594 localEndPoint: 127.0.0.1:62593
TpTrace Verbose: 0 : 20992, 14, 2022/07/12, 17:54:06.013, 2719189174927, vstest.console.dll, TestRequestSender.CheckVersionWithTestHost: onMessageReceived received message: (ProtocolVersion) -> 5
TpTrace Verbose: 0 : 20992, 14, 2022/07/12, 17:54:06.013, 2719189179629, vstest.console.dll, MulticastDelegateUtilities.SafeInvoke: LengthPrefixCommunicationChannel: MessageReceived: Invoking callback 1/1 for Microsoft.VisualStudio.TestPlatform.CommunicationUtilities.TestRequestSender+<>c__DisplayClass25_0.<CheckVersionWithTestHost>b__0, took 0 ms.
TpTrace Verbose: 0 : 20992, 5, 2022/07/12, 17:54:06.013, 2719189180401, vstest.console.dll, TestPluginCache.GetExtensionPaths: Filtered extension paths: 
TpTrace Verbose: 0 : 20992, 14, 2022/07/12, 17:54:06.013, 2719189180598, vstest.console.dll, TcpClientExtensions.MessageLoopAsync: Polling on remoteEndPoint: 127.0.0.1:62594 localEndPoint: 127.0.0.1:62593
TpTrace Verbose: 0 : 20992, 5, 2022/07/12, 17:54:06.013, 2719189181316, vstest.console.dll, TestPluginCache.GetExtensionPaths: Added default extension paths: C:\Program Files\dotnet\sdk\6.0.301\Extensions\DumpMinitool.exe
C:\Program Files\dotnet\sdk\6.0.301\Extensions\DumpMinitool.x86.exe
C:\Program Files\dotnet\sdk\6.0.301\Extensions\Microsoft.Diagnostics.NETCore.Client.dll
C:\Program Files\dotnet\sdk\6.0.301\Extensions\Microsoft.TestPlatform.Extensions.BlameDataCollector.dll
C:\Program Files\dotnet\sdk\6.0.301\Extensions\Microsoft.TestPlatform.Extensions.EventLogCollector.dll
C:\Program Files\dotnet\sdk\6.0.301\Extensions\Microsoft.TestPlatform.TestHostRuntimeProvider.dll
C:\Program Files\dotnet\sdk\6.0.301\Extensions\Microsoft.VisualStudio.TestPlatform.Extensions.Html.TestLogger.dll
C:\Program Files\dotnet\sdk\6.0.301\Extensions\Microsoft.VisualStudio.TestPlatform.Extensions.Trx.TestLogger.dll
TpTrace Verbose: 0 : 20992, 5, 2022/07/12, 17:54:06.014, 2719189183226, vstest.console.dll, TestPluginCache.GetExtensionPaths: Added unfilterableExtensionPaths: 
TpTrace Verbose: 0 : 20992, 5, 2022/07/12, 17:54:06.017, 2719189221522, vstest.console.dll, TestRequestSender.InitializeExecution: Sending initialize execution with message: {"Version":5,"MessageType":"TestExecution.Initialize","Payload":["C:\\Users\\tej\\workArea\\Asp.Net\\METER-API\\UnitTests\\bin\\Debug\\net6.0\\fine-code-coverage\\build-output\\xunit.runner.visualstudio.dotnetcore.testadapter.dll"]}
TpTrace Warning: 0 : 20992, 5, 2022/07/12, 17:54:06.018, 2719189226819, vstest.console.dll, InferRunSettingsHelper.MakeRunsettingsCompatible: Removing the following settings: TargetPlatform from RunSettings file. To use those settings please move to latest version of Microsoft.NET.Test.Sdk
TpTrace Verbose: 0 : 20992, 14, 2022/07/12, 17:54:06.024, 2719189290952, vstest.console.dll, TcpClientExtensions.MessageLoopAsync: NotifyDataAvailable remoteEndPoint: 127.0.0.1:62594 localEndPoint: 127.0.0.1:62593
TpTrace Verbose: 0 : 20992, 14, 2022/07/12, 17:54:06.025, 2719189292879, vstest.console.dll, TestRequestSender.OnExecutionMessageReceived: Received message: {"Version":5,"MessageType":"TestSession.Message","Payload":{"MessageLevel":0,"Message":"Logging TestHost Diagnostics in file: C:\\Users\\tej\\workArea\\Asp.Net\\METER-API\\UnitTests\\bin\\Debug\\net6.0\\fine-code-coverage\\coverage-tool-output\\diagnostics.host.22-07-12_17-54-05_49095_5.log"}}
TpTrace Verbose: 0 : 20992, 14, 2022/07/12, 17:54:06.027, 2719189313662, vstest.console.dll, TestRunRequest:SendTestRunMessage: Starting.
TpTrace Verbose: 0 : 20992, 14, 2022/07/12, 17:54:06.027, 2719189315224, vstest.console.dll, MulticastDelegateUtilities.SafeInvoke: TestRun.LogMessages: Invoking callback 1/1 for Microsoft.VisualStudio.TestPlatform.CommandLine.TestRunResultAggregator.TestRunMessageHandler, took 0 ms.
TpTrace Verbose: 0 : 20992, 4, 2022/07/12, 17:54:06.027, 2719189315415, vstest.console.dll, MulticastDelegateUtilities.SafeInvoke: InternalTestLoggerEvents.SendTestRunMessage: Invoking callback 1/1 for Microsoft.VisualStudio.TestPlatform.CommandLine.Internal.ConsoleLogger.TestMessageHandler, took 0 ms.
TpTrace Information: 0 : 20992, 14, 2022/07/12, 17:54:06.027, 2719189316265, vstest.console.dll, TestRunRequest:SendTestRunMessage: Completed.
TpTrace Verbose: 0 : 20992, 14, 2022/07/12, 17:54:06.027, 2719189318258, vstest.console.dll, MulticastDelegateUtilities.SafeInvoke: LengthPrefixCommunicationChannel: MessageReceived: Invoking callback 1/1 for Microsoft.VisualStudio.TestPlatform.CommunicationUtilities.TestRequestSender+<>c__DisplayClass30_0.<StartTestRun>b__1, took 2 ms.
TpTrace Verbose: 0 : 20992, 14, 2022/07/12, 17:54:06.027, 2719189319058, vstest.console.dll, TcpClientExtensions.MessageLoopAsync: Polling on remoteEndPoint: 127.0.0.1:62594 localEndPoint: 127.0.0.1:62593
TpTrace Verbose: 0 : 20992, 5, 2022/07/12, 17:54:06.032, 2719189371468, vstest.console.dll, TestRequestSender.StartTestRun: Sending test run with message: {"Version":5,"MessageType":"TestExecution.StartWithSources","Payload":{"AdapterSourceMap":{"_none_":["C:\\Users\\tej\\workArea\\Asp.Net\\METER-API\\UnitTests\\bin\\Debug\\net6.0\\fine-code-coverage\\build-output\\UnitTests.dll"]},"RunSettings":"<RunSettings>\r\n  <RunConfiguration>\r\n    <ResultsDirectory>C:\\Users\\tej\\workArea\\Asp.Net\\METER-API\\UnitTests\\bin\\Debug\\net6.0\\fine-code-coverage\\coverage-tool-output</ResultsDirectory>\r\n    <TargetFrameworkVersion>.NETCoreApp,Version=v6.0</TargetFrameworkVersion>\r\n    <DesignMode>False</DesignMode>\r\n    <CollectSourceInformation>False</CollectSourceInformation>\r\n  </RunConfiguration>\r\n  <LoggerRunSettings>\r\n    <Loggers>\r\n      <Logger friendlyName=\"blame\" enabled=\"True\" />\r\n      <Logger friendlyName=\"Console\" uri=\"logger://microsoft/TestPlatform/ConsoleLogger/v1\" assemblyQualifiedName=\"Microsoft.VisualStudio.TestPlatform.CommandLine.Internal.ConsoleLogger, vstest.console, Version=15.0.0.0, Culture=neutral, PublicKeyToken=b03f5f7f11d50a3a\" codeBase=\"C:\\Program Files\\dotnet\\sdk\\6.0.301\\vstest.console.dll\" enabled=\"True\" />\r\n    </Loggers>\r\n  </LoggerRunSettings>\r\n  <DataCollectionRunSettings>\r\n    <DataCollectors>\r\n      <DataCollector friendlyName=\"blame\" enabled=\"True\">\r\n        <Configuration>\r\n          <ResultsDirectory>C:\\Users\\tej\\workArea\\Asp.Net\\METER-API\\UnitTests\\bin\\Debug\\net6.0\\fine-code-coverage\\coverage-tool-output</ResultsDirectory>\r\n        </Configuration>\r\n      </DataCollector>\r\n    </DataCollectors>\r\n  </DataCollectionRunSettings>\r\n</RunSettings>","TestExecutionContext":{"FrequencyOfRunStatsChangeEvent":10,"RunStatsChangeEventTimeout":"00:00:01.5000000","InIsolation":false,"KeepAlive":false,"AreTestCaseLevelEventsRequired":false,"IsDebug":false,"TestCaseFilter":null,"FilterOptions":null},"Package":null}}
TpTrace Verbose: 0 : 20992, 14, 2022/07/12, 17:54:06.227, 2719191317552, vstest.console.dll, TcpClientExtensions.MessageLoopAsync: NotifyDataAvailable remoteEndPoint: 127.0.0.1:62594 localEndPoint: 127.0.0.1:62593
TpTrace Verbose: 0 : 20992, 14, 2022/07/12, 17:54:06.227, 2719191321118, vstest.console.dll, TestRequestSender.OnExecutionMessageReceived: Received message: {"Version":5,"MessageType":"TestSession.Message","Payload":{"MessageLevel":0,"Message":"[xUnit.net 00:00:00.00] xUnit.net VSTest Adapter v2.4.3+1b45f5407b (64-bit .NET 6.0.6)"}}
TpTrace Verbose: 0 : 20992, 14, 2022/07/12, 17:54:06.228, 2719191327933, vstest.console.dll, TestRunRequest:SendTestRunMessage: Starting.
TpTrace Verbose: 0 : 20992, 14, 2022/07/12, 17:54:06.228, 2719191329505, vstest.console.dll, MulticastDelegateUtilities.SafeInvoke: TestRun.LogMessages: Invoking callback 1/1 for Microsoft.VisualStudio.TestPlatform.CommandLine.TestRunResultAggregator.TestRunMessageHandler, took 0 ms.
TpTrace Information: 0 : 20992, 14, 2022/07/12, 17:54:06.228, 2719191330480, vstest.console.dll, TestRunRequest:SendTestRunMessage: Completed.
TpTrace Verbose: 0 : 20992, 14, 2022/07/12, 17:54:06.228, 2719191331153, vstest.console.dll, MulticastDelegateUtilities.SafeInvoke: LengthPrefixCommunicationChannel: MessageReceived: Invoking callback 1/1 for Microsoft.VisualStudio.TestPlatform.CommunicationUtilities.TestRequestSender+<>c__DisplayClass30_0.<StartTestRun>b__1, took 1 ms.
TpTrace Verbose: 0 : 20992, 14, 2022/07/12, 17:54:06.229, 2719191331869, vstest.console.dll, TcpClientExtensions.MessageLoopAsync: Polling on remoteEndPoint: 127.0.0.1:62594 localEndPoint: 127.0.0.1:62593
TpTrace Verbose: 0 : 20992, 4, 2022/07/12, 17:54:06.228, 2719191330175, vstest.console.dll, MulticastDelegateUtilities.SafeInvoke: InternalTestLoggerEvents.SendTestRunMessage: Invoking callback 1/1 for Microsoft.VisualStudio.TestPlatform.CommandLine.Internal.ConsoleLogger.TestMessageHandler, took 0 ms.
TpTrace Verbose: 0 : 20992, 14, 2022/07/12, 17:54:07.101, 2719200053065, vstest.console.dll, TcpClientExtensions.MessageLoopAsync: NotifyDataAvailable remoteEndPoint: 127.0.0.1:62594 localEndPoint: 127.0.0.1:62593
TpTrace Verbose: 0 : 20992, 14, 2022/07/12, 17:54:07.101, 2719200054830, vstest.console.dll, TestRequestSender.OnExecutionMessageReceived: Received message: {"Version":5,"MessageType":"TestSession.Message","Payload":{"MessageLevel":0,"Message":"[xUnit.net 00:00:00.88]   Discovering: UnitTests"}}
TpTrace Verbose: 0 : 20992, 14, 2022/07/12, 17:54:07.101, 2719200057208, vstest.console.dll, TestRunRequest:SendTestRunMessage: Starting.
TpTrace Verbose: 0 : 20992, 14, 2022/07/12, 17:54:07.101, 2719200058195, vstest.console.dll, MulticastDelegateUtilities.SafeInvoke: TestRun.LogMessages: Invoking callback 1/1 for Microsoft.VisualStudio.TestPlatform.CommandLine.TestRunResultAggregator.TestRunMessageHandler, took 0 ms.
TpTrace Information: 0 : 20992, 14, 2022/07/12, 17:54:07.101, 2719200058710, vstest.console.dll, TestRunRequest:SendTestRunMessage: Completed.
TpTrace Verbose: 0 : 20992, 4, 2022/07/12, 17:54:07.101, 2719200058677, vstest.console.dll, MulticastDelegateUtilities.SafeInvoke: InternalTestLoggerEvents.SendTestRunMessage: Invoking callback 1/1 for Microsoft.VisualStudio.TestPlatform.CommandLine.Internal.ConsoleLogger.TestMessageHandler, took 0 ms.
TpTrace Verbose: 0 : 20992, 14, 2022/07/12, 17:54:07.101, 2719200059432, vstest.console.dll, MulticastDelegateUtilities.SafeInvoke: LengthPrefixCommunicationChannel: MessageReceived: Invoking callback 1/1 for Microsoft.VisualStudio.TestPlatform.CommunicationUtilities.TestRequestSender+<>c__DisplayClass30_0.<StartTestRun>b__1, took 0 ms.
TpTrace Verbose: 0 : 20992, 14, 2022/07/12, 17:54:07.101, 2719200061193, vstest.console.dll, TcpClientExtensions.MessageLoopAsync: Polling on remoteEndPoint: 127.0.0.1:62594 localEndPoint: 127.0.0.1:62593
TpTrace Verbose: 0 : 20992, 14, 2022/07/12, 17:54:07.151, 2719200561127, vstest.console.dll, TcpClientExtensions.MessageLoopAsync: NotifyDataAvailable remoteEndPoint: 127.0.0.1:62594 localEndPoint: 127.0.0.1:62593
TpTrace Verbose: 0 : 20992, 14, 2022/07/12, 17:54:07.152, 2719200562729, vstest.console.dll, TestRequestSender.OnExecutionMessageReceived: Received message: {"Version":5,"MessageType":"TestSession.Message","Payload":{"MessageLevel":0,"Message":"[xUnit.net 00:00:00.93]   Discovered:  UnitTests"}}
TpTrace Verbose: 0 : 20992, 14, 2022/07/12, 17:54:07.152, 2719200564901, vstest.console.dll, TestRunRequest:SendTestRunMessage: Starting.
TpTrace Verbose: 0 : 20992, 14, 2022/07/12, 17:54:07.152, 2719200565936, vstest.console.dll, MulticastDelegateUtilities.SafeInvoke: TestRun.LogMessages: Invoking callback 1/1 for Microsoft.VisualStudio.TestPlatform.CommandLine.TestRunResultAggregator.TestRunMessageHandler, took 0 ms.
TpTrace Information: 0 : 20992, 14, 2022/07/12, 17:54:07.152, 2719200566468, vstest.console.dll, TestRunRequest:SendTestRunMessage: Completed.
TpTrace Verbose: 0 : 20992, 14, 2022/07/12, 17:54:07.152, 2719200566899, vstest.console.dll, MulticastDelegateUtilities.SafeInvoke: LengthPrefixCommunicationChannel: MessageReceived: Invoking callback 1/1 for Microsoft.VisualStudio.TestPlatform.CommunicationUtilities.TestRequestSender+<>c__DisplayClass30_0.<StartTestRun>b__1, took 0 ms.
TpTrace Verbose: 0 : 20992, 4, 2022/07/12, 17:54:07.152, 2719200566428, vstest.console.dll, MulticastDelegateUtilities.SafeInvoke: InternalTestLoggerEvents.SendTestRunMessage: Invoking callback 1/1 for Microsoft.VisualStudio.TestPlatform.CommandLine.Internal.ConsoleLogger.TestMessageHandler, took 0 ms.
TpTrace Verbose: 0 : 20992, 14, 2022/07/12, 17:54:07.152, 2719200567707, vstest.console.dll, TcpClientExtensions.MessageLoopAsync: Polling on remoteEndPoint: 127.0.0.1:62594 localEndPoint: 127.0.0.1:62593
TpTrace Verbose: 0 : 20992, 14, 2022/07/12, 17:54:07.154, 2719200589269, vstest.console.dll, TcpClientExtensions.MessageLoopAsync: NotifyDataAvailable remoteEndPoint: 127.0.0.1:62594 localEndPoint: 127.0.0.1:62593
TpTrace Verbose: 0 : 20992, 14, 2022/07/12, 17:54:07.154, 2719200590237, vstest.console.dll, TestRequestSender.OnExecutionMessageReceived: Received message: {"Version":5,"MessageType":"TestSession.Message","Payload":{"MessageLevel":0,"Message":"[xUnit.net 00:00:00.94]   Starting:    UnitTests"}}
TpTrace Verbose: 0 : 20992, 14, 2022/07/12, 17:54:07.154, 2719200591592, vstest.console.dll, TestRunRequest:SendTestRunMessage: Starting.
TpTrace Verbose: 0 : 20992, 14, 2022/07/12, 17:54:07.155, 2719200592251, vstest.console.dll, MulticastDelegateUtilities.SafeInvoke: TestRun.LogMessages: Invoking callback 1/1 for Microsoft.VisualStudio.TestPlatform.CommandLine.TestRunResultAggregator.TestRunMessageHandler, took 0 ms.
TpTrace Verbose: 0 : 20992, 4, 2022/07/12, 17:54:07.155, 2719200592474, vstest.console.dll, MulticastDelegateUtilities.SafeInvoke: InternalTestLoggerEvents.SendTestRunMessage: Invoking callback 1/1 for Microsoft.VisualStudio.TestPlatform.CommandLine.Internal.ConsoleLogger.TestMessageHandler, took 0 ms.
TpTrace Information: 0 : 20992, 14, 2022/07/12, 17:54:07.155, 2719200592625, vstest.console.dll, TestRunRequest:SendTestRunMessage: Completed.
TpTrace Verbose: 0 : 20992, 14, 2022/07/12, 17:54:07.155, 2719200593954, vstest.console.dll, MulticastDelegateUtilities.SafeInvoke: LengthPrefixCommunicationChannel: MessageReceived: Invoking callback 1/1 for Microsoft.VisualStudio.TestPlatform.CommunicationUtilities.TestRequestSender+<>c__DisplayClass30_0.<StartTestRun>b__1, took 0 ms.
TpTrace Verbose: 0 : 20992, 14, 2022/07/12, 17:54:07.155, 2719200594493, vstest.console.dll, TcpClientExtensions.MessageLoopAsync: Polling on remoteEndPoint: 127.0.0.1:62594 localEndPoint: 127.0.0.1:62593
TpTrace Verbose: 0 : 20992, 14, 2022/07/12, 17:54:07.383, 2719202876197, vstest.console.dll, TcpClientExtensions.MessageLoopAsync: NotifyDataAvailable remoteEndPoint: 127.0.0.1:62594 localEndPoint: 127.0.0.1:62593
TpTrace Verbose: 0 : 20992, 14, 2022/07/12, 17:54:07.383, 2719202879347, vstest.console.dll, TestRequestSender.OnExecutionMessageReceived: Received message: {"Version":5,"MessageType":"TestExecution.StatsChange","Payload":{"NewTestResults":[{"TestCase":{"Id":"dbfc1317-c70a-8b6d-b28f-c5c0cc481bf4","FullyQualifiedName":"UnitTests.Utils.UtilsTest.ShouldCallIsEmptyMethodAndReturnFalseWhenPassedStringIsNotNull","DisplayName":"UnitTests.Utils.UtilsTest.ShouldCallIsEmptyMethodAndReturnFalseWhenPassedStringIsNotNull","ExecutorUri":"executor://xunit/VsTestRunner2/netcoreapp","Source":"C:\\Users\\tej\\workArea\\Asp.Net\\METER-API\\UnitTests\\bin\\Debug\\net6.0\\fine-code-coverage\\build-output\\UnitTests.dll","CodeFilePath":null,"LineNumber":0,"Properties":[]},"Attachments":[],"Outcome":1,"ErrorMessage":null,"ErrorStackTrace":null,"DisplayName":"UnitTests.Utils.UtilsTest.ShouldCallIsEmptyMethodAndReturnFalseWhenPassedStringIsNotNull","Messages":[],"ComputerName":"DESKTOP-K7LMFS6","Duration":"00:00:00.0041755","StartTime":"2022-07-12T12:24:07.2494932+00:00","EndTime":"2022-07-12T12:24:07.2495176+00:00","Properties":[]},{"TestCase":{"Id":"cf91587b-1792-ed1e-9d89-53a3c7d2087c","FullyQualifiedName":"UnitTests.Utils.UtilsTest.ShouldCallIsEmptyMethodAndReturnTrueWhenPassedStringIsEmpty","DisplayName":"UnitTests.Utils.UtilsTest.ShouldCallIsEmptyMethodAndReturnTrueWhenPassedStringIsEmpty","ExecutorUri":"executor://xunit/VsTestRunner2/netcoreapp","Source":"C:\\Users\\tej\\workArea\\Asp.Net\\METER-API\\UnitTests\\bin\\Debug\\net6.0\\fine-code-coverage\\build-output\\UnitTests.dll","CodeFilePath":null,"LineNumber":0,"Properties":[]},"Attachments":[],"Outcome":1,"ErrorMessage":null,"ErrorStackTrace":null,"DisplayName":"UnitTests.Utils.UtilsTest.ShouldCallIsEmptyMethodAndReturnTrueWhenPassedStringIsEmpty","Messages":[],"ComputerName":"DESKTOP-K7LMFS6","Duration":"00:00:00.0002611","StartTime":"2022-07-12T12:24:07.2708317+00:00","EndTime":"2022-07-12T12:24:07.2708319+00:00","Properties":[]},{"TestCase":{"Id":"ff20fd98-0b7e-e85e-6ec9-782de1e0f5f3","FullyQualifiedName":"UnitTests.Utils.UtilsTest.ShouldCallIsEmptyMethodAndReturnTrueWhenPassedStringIsNull","DisplayName":"UnitTests.Utils.UtilsTest.ShouldCallIsEmptyMethodAndReturnTrueWhenPassedStringIsNull","ExecutorUri":"executor://xunit/VsTestRunner2/netcoreapp","Source":"C:\\Users\\tej\\workArea\\Asp.Net\\METER-API\\UnitTests\\bin\\Debug\\net6.0\\fine-code-coverage\\build-output\\UnitTests.dll","CodeFilePath":null,"LineNumber":0,"Properties":[]},"Attachments":[],"Outcome":1,"ErrorMessage":null,"ErrorStackTrace":null,"DisplayName":"UnitTests.Utils.UtilsTest.ShouldCallIsEmptyMethodAndReturnTrueWhenPassedStringIsNull","Messages":[],"ComputerName":"DESKTOP-K7LMFS6","Duration":"00:00:00.0000678","StartTime":"2022-07-12T12:24:07.2733942+00:00","EndTime":"2022-07-12T12:24:07.2733943+00:00","Properties":[]},{"TestCase":{"Id":"c2a82c18-a599-2b59-2183-e8394ad5981d","FullyQualifiedName":"UnitTests.Controllers.ControllerTests.ShouldReturn404NotFoundWhenInvalidInputIsPassed","DisplayName":"UnitTests.Controllers.ControllerTests.ShouldReturn404NotFoundWhenInvalidInputIsPassed","ExecutorUri":"executor://xunit/VsTestRunner2/netcoreapp","Source":"C:\\Users\\tej\\workArea\\Asp.Net\\METER-API\\UnitTests\\bin\\Debug\\net6.0\\fine-code-coverage\\build-output\\UnitTests.dll","CodeFilePath":null,"LineNumber":0,"Properties":[]},"Attachments":[],"Outcome":1,"ErrorMessage":null,"ErrorStackTrace":null,"DisplayName":"UnitTests.Controllers.ControllerTests.ShouldReturn404NotFoundWhenInvalidInputIsPassed","Messages":[],"ComputerName":"DESKTOP-K7LMFS6","Duration":"00:00:00.1077912","StartTime":"2022-07-12T12:24:07.3368756+00:00","EndTime":"2022-07-12T12:24:07.3368759+00:00","Properties":[]},{"TestCase":{"Id":"e4e4b5bc-2562-2df2-3c86-766b79441938","FullyQualifiedName":"UnitTests.Controllers.ControllerTests.ShouldReturn200OnSuccess","DisplayName":"UnitTests.Controllers.ControllerTests.ShouldReturn200OnSuccess","ExecutorUri":"executor://xunit/VsTestRunner2/netcoreapp","Source":"C:\\Users\\tej\\workArea\\Asp.Net\\METER-API\\UnitTests\\bin\\Debug\\net6.0\\fine-code-coverage\\build-output\\UnitTests.dll","CodeFilePath":null,"LineNumber":0,"Properties":[]},"Attachments":[],"Outcome":1,"ErrorMessage":null,"ErrorStackTrace":null,"DisplayName":"UnitTests.Controllers.ControllerTests.ShouldReturn200OnSuccess","Messages":[],"ComputerName":"DESKTOP-K7LMFS6","Duration":"00:00:00.0027234","StartTime":"2022-07-12T12:24:07.3397549+00:00","EndTime":"2022-07-12T12:24:07.339755+00:00","Properties":[]},{"TestCase":{"Id":"969f89a9-1c03-4fdb-9800-db63810367d4","FullyQualifiedName":"UnitTests.Facade.MeterFacadeTest.ShouldReturnFloorsData","DisplayName":"UnitTests.Facade.MeterFacadeTest.ShouldReturnFloorsData","ExecutorUri":"executor://xunit/VsTestRunner2/netcoreapp","Source":"C:\\Users\\tej\\workArea\\Asp.Net\\METER-API\\UnitTests\\bin\\Debug\\net6.0\\fine-code-coverage\\build-output\\UnitTests.dll","CodeFilePath":null,"LineNumber":0,"Properties":[]},"Attachments":[],"Outcome":1,"ErrorMessage":null,"ErrorStackTrace":null,"DisplayName":"UnitTests.Facade.MeterFacadeTest.ShouldReturnFloorsData","Messages":[],"ComputerName":"DESKTOP-K7LMFS6","Duration":"00:00:00.1116679","StartTime":"2022-07-12T12:24:07.3496509+00:00","EndTime":"2022-07-12T12:24:07.3496512+00:00","Properties":[]},{"TestCase":{"Id":"2bf0c71b-fac4-2135-f620-299cb26b3fae","FullyQualifiedName":"UnitTests.Service.SearchServiceTest.ShouldCallFindAllByParamMethodAndReturnCitiesData","DisplayName":"UnitTests.Service.SearchServiceTest.ShouldCallFindAllByParamMethodAndReturnCitiesData","ExecutorUri":"executor://xunit/VsTestRunner2/netcoreapp","Source":"C:\\Users\\tej\\workArea\\Asp.Net\\METER-API\\UnitTests\\bin\\Debug\\net6.0\\fine-code-coverage\\build-output\\UnitTests.dll","CodeFilePath":null,"LineNumber":0,"Properties":[]},"Attachments":[],"Outcome":1,"ErrorMessage":null,"ErrorStackTrace":null,"DisplayName":"UnitTests.Service.SearchServiceTest.ShouldCallFindAllByParamMethodAndReturnCitiesData","Messages":[],"ComputerName":"DESKTOP-K7LMFS6","Duration":"00:00:00.1116059","StartTime":"2022-07-12T12:24:07.3516904+00:00","EndTime":"2022-07-12T12:24:07.3516906+00:00","Properties":[]}],"TestRunStatistics":{"ExecutedTests":7,"Stats":{"Passed":7}},"ActiveTests":[{"Id":"9b8bf14a-2e50-dd58-7357-547a32877a5a","FullyQualifiedName":"UnitTests.Controllers.ControllerTests.ShouldReturn404NotFoundWhenErrorOccuredIsPassed","DisplayName":"UnitTests.Controllers.ControllerTests.ShouldReturn404NotFoundWhenErrorOccuredIsPassed","ExecutorUri":"executor://xunit/VsTestRunner2/netcoreapp","Source":"C:\\Users\\tej\\workArea\\Asp.Net\\METER-API\\UnitTests\\bin\\Debug\\net6.0\\fine-code-coverage\\build-output\\UnitTests.dll","CodeFilePath":null,"LineNumber":0,"Properties":[]},{"Id":"a4c72961-42aa-3ebd-06fd-a05b157835f1","FullyQualifiedName":"UnitTests.Facade.MeterFacadeTest.ShouldReturnFacilitiesData","DisplayName":"UnitTests.Facade.MeterFacadeTest.ShouldReturnFacilitiesData","ExecutorUri":"executor://xunit/VsTestRunner2/netcoreapp","Source":"C:\\Users\\tej\\workArea\\Asp.Net\\METER-API\\UnitTests\\bin\\Debug\\net6.0\\fine-code-coverage\\build-output\\UnitTests.dll","CodeFilePath":null,"LineNumber":0,"Properties":[]},{"Id":"5d578b46-b8c1-8d34-43c5-d504a14f619b","FullyQualifiedName":"UnitTests.Service.SearchServiceTest.ShouldCallFindAllByParamMethodAndReturnZonesData","DisplayName":"UnitTests.Service.SearchServiceTest.ShouldCallFindAllByParamMethodAndReturnZonesData","ExecutorUri":"executor://xunit/VsTestRunner2/netcoreapp","Source":"C:\\Users\\tej\\workArea\\Asp.Net\\METER-API\\UnitTests\\bin\\Debug\\net6.0\\fine-code-coverage\\build-output\\UnitTests.dll","CodeFilePath":null,"LineNumber":0,"Properties":[]}]}}
TpTrace Verbose: 0 : 20992, 14, 2022/07/12, 17:54:07.406, 2719203110426, vstest.console.dll, TestRunRequest:SendTestRunStatsChange: Starting.
TpTrace Verbose: 0 : 20992, 14, 2022/07/12, 17:54:07.406, 2719203111708, vstest.console.dll, InProgress is UnitTests.Controllers.ControllerTests.ShouldReturn404NotFoundWhenErrorOccuredIsPassed
TpTrace Verbose: 0 : 20992, 14, 2022/07/12, 17:54:07.407, 2719203112070, vstest.console.dll, InProgress is UnitTests.Facade.MeterFacadeTest.ShouldReturnFacilitiesData
TpTrace Verbose: 0 : 20992, 14, 2022/07/12, 17:54:07.407, 2719203112347, vstest.console.dll, InProgress is UnitTests.Service.SearchServiceTest.ShouldCallFindAllByParamMethodAndReturnZonesData
TpTrace Verbose: 0 : 20992, 14, 2022/07/12, 17:54:07.407, 2719203114274, vstest.console.dll, MulticastDelegateUtilities.SafeInvoke: TestRun.RunStatsChanged: Invoking callbacks was skipped because there are no subscribers.
TpTrace Information: 0 : 20992, 14, 2022/07/12, 17:54:07.407, 2719203114815, vstest.console.dll, TestRunRequest:SendTestRunStatsChange: Completed.
TpTrace Verbose: 0 : 20992, 14, 2022/07/12, 17:54:07.407, 2719203115150, vstest.console.dll, MulticastDelegateUtilities.SafeInvoke: LengthPrefixCommunicationChannel: MessageReceived: Invoking callback 1/1 for Microsoft.VisualStudio.TestPlatform.CommunicationUtilities.TestRequestSender+<>c__DisplayClass30_0.<StartTestRun>b__1, took 23 ms.
TpTrace Verbose: 0 : 20992, 14, 2022/07/12, 17:54:07.407, 2719203115465, vstest.console.dll, TcpClientExtensions.MessageLoopAsync: Polling on remoteEndPoint: 127.0.0.1:62594 localEndPoint: 127.0.0.1:62593
TpTrace Verbose: 0 : 20992, 14, 2022/07/12, 17:54:07.407, 2719203115900, vstest.console.dll, TcpClientExtensions.MessageLoopAsync: NotifyDataAvailable remoteEndPoint: 127.0.0.1:62594 localEndPoint: 127.0.0.1:62593
TpTrace Verbose: 0 : 20992, 14, 2022/07/12, 17:54:07.407, 2719203116448, vstest.console.dll, TestRequestSender.OnExecutionMessageReceived: Received message: {"Version":5,"MessageType":"TestSession.Message","Payload":{"MessageLevel":0,"Message":"[xUnit.net 00:00:01.19]   Finished:    UnitTests"}}
TpTrace Verbose: 0 : 20992, 14, 2022/07/12, 17:54:07.407, 2719203118026, vstest.console.dll, TestRunRequest:SendTestRunMessage: Starting.
TpTrace Verbose: 0 : 20992, 14, 2022/07/12, 17:54:07.407, 2719203118485, vstest.console.dll, MulticastDelegateUtilities.SafeInvoke: TestRun.LogMessages: Invoking callback 1/1 for Microsoft.VisualStudio.TestPlatform.CommandLine.TestRunResultAggregator.TestRunMessageHandler, took 0 ms.
TpTrace Information: 0 : 20992, 14, 2022/07/12, 17:54:07.407, 2719203118781, vstest.console.dll, TestRunRequest:SendTestRunMessage: Completed.
TpTrace Verbose: 0 : 20992, 14, 2022/07/12, 17:54:07.407, 2719203119066, vstest.console.dll, MulticastDelegateUtilities.SafeInvoke: LengthPrefixCommunicationChannel: MessageReceived: Invoking callback 1/1 for Microsoft.VisualStudio.TestPlatform.CommunicationUtilities.TestRequestSender+<>c__DisplayClass30_0.<StartTestRun>b__1, took 0 ms.
TpTrace Verbose: 0 : 20992, 14, 2022/07/12, 17:54:07.407, 2719203119398, vstest.console.dll, TcpClientExtensions.MessageLoopAsync: Polling on remoteEndPoint: 127.0.0.1:62594 localEndPoint: 127.0.0.1:62593
TpTrace Verbose: 0 : 20992, 4, 2022/07/12, 17:54:07.415, 2719203191948, vstest.console.dll, MulticastDelegateUtilities.SafeInvoke: InternalTestLoggerEvents.SendTestResult: Invoking callback 1/1 for Microsoft.VisualStudio.TestPlatform.CommandLine.Internal.ConsoleLogger.TestResultHandler, took 7 ms.
TpTrace Verbose: 0 : 20992, 4, 2022/07/12, 17:54:07.415, 2719203193093, vstest.console.dll, MulticastDelegateUtilities.SafeInvoke: InternalTestLoggerEvents.SendTestResult: Invoking callback 1/1 for Microsoft.VisualStudio.TestPlatform.CommandLine.Internal.ConsoleLogger.TestResultHandler, took 0 ms.
TpTrace Verbose: 0 : 20992, 4, 2022/07/12, 17:54:07.415, 2719203193586, vstest.console.dll, MulticastDelegateUtilities.SafeInvoke: InternalTestLoggerEvents.SendTestResult: Invoking callback 1/1 for Microsoft.VisualStudio.TestPlatform.CommandLine.Internal.ConsoleLogger.TestResultHandler, took 0 ms.
TpTrace Verbose: 0 : 20992, 4, 2022/07/12, 17:54:07.415, 2719203194029, vstest.console.dll, MulticastDelegateUtilities.SafeInvoke: InternalTestLoggerEvents.SendTestResult: Invoking callback 1/1 for Microsoft.VisualStudio.TestPlatform.CommandLine.Internal.ConsoleLogger.TestResultHandler, took 0 ms.
TpTrace Verbose: 0 : 20992, 4, 2022/07/12, 17:54:07.415, 2719203194469, vstest.console.dll, MulticastDelegateUtilities.SafeInvoke: InternalTestLoggerEvents.SendTestResult: Invoking callback 1/1 for Microsoft.VisualStudio.TestPlatform.CommandLine.Internal.ConsoleLogger.TestResultHandler, took 0 ms.
TpTrace Verbose: 0 : 20992, 4, 2022/07/12, 17:54:07.415, 2719203194870, vstest.console.dll, MulticastDelegateUtilities.SafeInvoke: InternalTestLoggerEvents.SendTestResult: Invoking callback 1/1 for Microsoft.VisualStudio.TestPlatform.CommandLine.Internal.ConsoleLogger.TestResultHandler, took 0 ms.
TpTrace Verbose: 0 : 20992, 4, 2022/07/12, 17:54:07.415, 2719203195299, vstest.console.dll, MulticastDelegateUtilities.SafeInvoke: InternalTestLoggerEvents.SendTestResult: Invoking callback 1/1 for Microsoft.VisualStudio.TestPlatform.CommandLine.Internal.ConsoleLogger.TestResultHandler, took 0 ms.
TpTrace Verbose: 0 : 20992, 4, 2022/07/12, 17:54:07.415, 2719203195735, vstest.console.dll, MulticastDelegateUtilities.SafeInvoke: InternalTestLoggerEvents.SendTestRunMessage: Invoking callback 1/1 for Microsoft.VisualStudio.TestPlatform.CommandLine.Internal.ConsoleLogger.TestMessageHandler, took 0 ms.
TpTrace Verbose: 0 : 20992, 14, 2022/07/12, 17:54:07.419, 2719203237868, vstest.console.dll, TcpClientExtensions.MessageLoopAsync: NotifyDataAvailable remoteEndPoint: 127.0.0.1:62594 localEndPoint: 127.0.0.1:62593
TpTrace Verbose: 0 : 20992, 14, 2022/07/12, 17:54:07.419, 2719203239688, vstest.console.dll, TestRequestSender.OnExecutionMessageReceived: Received message: {"Version":5,"MessageType":"TestExecution.Completed","Payload":{"TestRunCompleteArgs":{"TestRunStatistics":{"ExecutedTests":15,"Stats":{"Passed":15}},"IsCanceled":false,"IsAborted":false,"Error":null,"AttachmentSets":[],"ElapsedTimeInRunningTests":"00:00:01.2007704","Metrics":{}},"LastRunTests":{"NewTestResults":[{"TestCase":{"Id":"9b8bf14a-2e50-dd58-7357-547a32877a5a","FullyQualifiedName":"UnitTests.Controllers.ControllerTests.ShouldReturn404NotFoundWhenErrorOccuredIsPassed","DisplayName":"UnitTests.Controllers.ControllerTests.ShouldReturn404NotFoundWhenErrorOccuredIsPassed","ExecutorUri":"executor://xunit/VsTestRunner2/netcoreapp","Source":"C:\\Users\\tej\\workArea\\Asp.Net\\METER-API\\UnitTests\\bin\\Debug\\net6.0\\fine-code-coverage\\build-output\\UnitTests.dll","CodeFilePath":null,"LineNumber":0,"Properties":[]},"Attachments":[],"Outcome":1,"ErrorMessage":null,"ErrorStackTrace":null,"DisplayName":"UnitTests.Controllers.ControllerTests.ShouldReturn404NotFoundWhenErrorOccuredIsPassed","Messages":[],"ComputerName":"DESKTOP-K7LMFS6","Duration":"00:00:00.0089885","StartTime":"2022-07-12T12:24:07.3845069+00:00","EndTime":"2022-07-12T12:24:07.3845072+00:00","Properties":[]},{"TestCase":{"Id":"5d578b46-b8c1-8d34-43c5-d504a14f619b","FullyQualifiedName":"UnitTests.Service.SearchServiceTest.ShouldCallFindAllByParamMethodAndReturnZonesData","DisplayName":"UnitTests.Service.SearchServiceTest.ShouldCallFindAllByParamMethodAndReturnZonesData","ExecutorUri":"executor://xunit/VsTestRunner2/netcoreapp","Source":"C:\\Users\\tej\\workArea\\Asp.Net\\METER-API\\UnitTests\\bin\\Debug\\net6.0\\fine-code-coverage\\build-output\\UnitTests.dll","CodeFilePath":null,"LineNumber":0,"Properties":[]},"Attachments":[],"Outcome":1,"ErrorMessage":null,"ErrorStackTrace":null,"DisplayName":"UnitTests.Service.SearchServiceTest.ShouldCallFindAllByParamMethodAndReturnZonesData","Messages":[],"ComputerName":"DESKTOP-K7LMFS6","Duration":"00:00:00.0092498","StartTime":"2022-07-12T12:24:07.3858957+00:00","EndTime":"2022-07-12T12:24:07.3858958+00:00","Properties":[]},{"TestCase":{"Id":"a4c72961-42aa-3ebd-06fd-a05b157835f1","FullyQualifiedName":"UnitTests.Facade.MeterFacadeTest.ShouldReturnFacilitiesData","DisplayName":"UnitTests.Facade.MeterFacadeTest.ShouldReturnFacilitiesData","ExecutorUri":"executor://xunit/VsTestRunner2/netcoreapp","Source":"C:\\Users\\tej\\workArea\\Asp.Net\\METER-API\\UnitTests\\bin\\Debug\\net6.0\\fine-code-coverage\\build-output\\UnitTests.dll","CodeFilePath":null,"LineNumber":0,"Properties":[]},"Attachments":[],"Outcome":1,"ErrorMessage":null,"ErrorStackTrace":null,"DisplayName":"UnitTests.Facade.MeterFacadeTest.ShouldReturnFacilitiesData","Messages":[],"ComputerName":"DESKTOP-K7LMFS6","Duration":"00:00:00.0114087","StartTime":"2022-07-12T12:24:07.3870058+00:00","EndTime":"2022-07-12T12:24:07.3870059+00:00","Properties":[]},{"TestCase":{"Id":"9d824898-5cf4-3675-75cd-c0d9f5b116ca","FullyQualifiedName":"UnitTests.Facade.MeterFacadeTest.ShouldReturnMetersData","DisplayName":"UnitTests.Facade.MeterFacadeTest.ShouldReturnMetersData","ExecutorUri":"executor://xunit/VsTestRunner2/netcoreapp","Source":"C:\\Users\\tej\\workArea\\Asp.Net\\METER-API\\UnitTests\\bin\\Debug\\net6.0\\fine-code-coverage\\build-output\\UnitTests.dll","CodeFilePath":null,"LineNumber":0,"Properties":[]},"Attachments":[],"Outcome":1,"ErrorMessage":null,"ErrorStackTrace":null,"DisplayName":"UnitTests.Facade.MeterFacadeTest.ShouldReturnMetersData","Messages":[],"ComputerName":"DESKTOP-K7LMFS6","Duration":"00:00:00.0045755","StartTime":"2022-07-12T12:24:07.3889964+00:00","EndTime":"2022-07-12T12:24:07.3889966+00:00","Properties":[]},{"TestCase":{"Id":"22f4deb3-ab70-cf26-1470-be7fefe7089b","FullyQualifiedName":"UnitTests.Facade.MeterFacadeTest.ShouldReturnZonesData","DisplayName":"UnitTests.Facade.MeterFacadeTest.ShouldReturnZonesData","ExecutorUri":"executor://xunit/VsTestRunner2/netcoreapp","Source":"C:\\Users\\tej\\workArea\\Asp.Net\\METER-API\\UnitTests\\bin\\Debug\\net6.0\\fine-code-coverage\\build-output\\UnitTests.dll","CodeFilePath":null,"LineNumber":0,"Properties":[]},"Attachments":[],"Outcome":1,"ErrorMessage":null,"ErrorStackTrace":null,"DisplayName":"UnitTests.Facade.MeterFacadeTest.ShouldReturnZonesData","Messages":[],"ComputerName":"DESKTOP-K7LMFS6","Duration":"00:00:00.0037995","StartTime":"2022-07-12T12:24:07.3909624+00:00","EndTime":"2022-07-12T12:24:07.3909625+00:00","Properties":[]},{"TestCase":{"Id":"4288cb44-60e3-3085-f968-7b76469df18f","FullyQualifiedName":"UnitTests.Facade.MeterFacadeTest.ShouldReturnCitiesData","DisplayName":"UnitTests.Facade.MeterFacadeTest.ShouldReturnCitiesData","ExecutorUri":"executor://xunit/VsTestRunner2/netcoreapp","Source":"C:\\Users\\tej\\workArea\\Asp.Net\\METER-API\\UnitTests\\bin\\Debug\\net6.0\\fine-code-coverage\\build-output\\UnitTests.dll","CodeFilePath":null,"LineNumber":0,"Properties":[]},"Attachments":[],"Outcome":1,"ErrorMessage":null,"ErrorStackTrace":null,"DisplayName":"UnitTests.Facade.MeterFacadeTest.ShouldReturnCitiesData","Messages":[],"ComputerName":"DESKTOP-K7LMFS6","Duration":"00:00:00.0031785","StartTime":"2022-07-12T12:24:07.3986031+00:00","EndTime":"2022-07-12T12:24:07.3986035+00:00","Properties":[]},{"TestCase":{"Id":"e71798e2-af46-ca6e-1846-dd45748b60c2","FullyQualifiedName":"UnitTests.Facade.MeterFacadeTest.ShouldReturnBuildingsData","DisplayName":"UnitTests.Facade.MeterFacadeTest.ShouldReturnBuildingsData","ExecutorUri":"executor://xunit/VsTestRunner2/netcoreapp","Source":"C:\\Users\\tej\\workArea\\Asp.Net\\METER-API\\UnitTests\\bin\\Debug\\net6.0\\fine-code-coverage\\build-output\\UnitTests.dll","CodeFilePath":null,"LineNumber":0,"Properties":[]},"Attachments":[],"Outcome":1,"ErrorMessage":null,"ErrorStackTrace":null,"DisplayName":"UnitTests.Facade.MeterFacadeTest.ShouldReturnBuildingsData","Messages":[],"ComputerName":"DESKTOP-K7LMFS6","Duration":"00:00:00.0047425","StartTime":"2022-07-12T12:24:07.4007912+00:00","EndTime":"2022-07-12T12:24:07.4007914+00:00","Properties":[]},{"TestCase":{"Id":"114447f2-290a-882e-c37a-3f7b7947192f","FullyQualifiedName":"UnitTests.Facade.MeterFacadeTest.ShouldThrowErrorWhenInvalidInformationAtIsPassed","DisplayName":"UnitTests.Facade.MeterFacadeTest.ShouldThrowErrorWhenInvalidInformationAtIsPassed","ExecutorUri":"executor://xunit/VsTestRunner2/netcoreapp","Source":"C:\\Users\\tej\\workArea\\Asp.Net\\METER-API\\UnitTests\\bin\\Debug\\net6.0\\fine-code-coverage\\build-output\\UnitTests.dll","CodeFilePath":null,"LineNumber":0,"Properties":[]},"Attachments":[],"Outcome":1,"ErrorMessage":null,"ErrorStackTrace":null,"DisplayName":"UnitTests.Facade.MeterFacadeTest.ShouldThrowErrorWhenInvalidInformationAtIsPassed","Messages":[],"ComputerName":"DESKTOP-K7LMFS6","Duration":"00:00:00.0009838","StartTime":"2022-07-12T12:24:07.4026236+00:00","EndTime":"2022-07-12T12:24:07.4026237+00:00","Properties":[]}],"TestRunStatistics":{"ExecutedTests":15,"Stats":{"Passed":15}},"ActiveTests":[]},"RunAttachments":[],"ExecutorUris":["executor://xunit/VsTestRunner2/netcoreapp"]}}
TpTrace Verbose: 0 : 20992, 14, 2022/07/12, 17:54:07.420, 2719203242942, vstest.console.dll, TestRequestSender.EndSession: Sending end session.
TpTrace Verbose: 0 : 20992, 14, 2022/07/12, 17:54:07.420, 2719203244386, vstest.console.dll, ProxyOperationManager.Close: waiting for test host to exit for 100 ms
TpTrace Warning: 0 : 20992, 13, 2022/07/12, 17:54:07.445, 2719203497967, vstest.console.dll, TestHostManagerCallbacks.ErrorReceivedCallback Test host standard error line: 
TpTrace Verbose: 0 : 20992, 13, 2022/07/12, 17:54:07.463, 2719203674311, vstest.console.dll, TestHostProvider.ExitCallBack: Host exited starting callback.
TpTrace Information: 0 : 20992, 13, 2022/07/12, 17:54:07.463, 2719203678285, vstest.console.dll, TestHostManagerCallbacks.ExitCallBack: Testhost processId: 21120 exited with exitcode: 0 error: ''
TpTrace Verbose: 0 : 20992, 13, 2022/07/12, 17:54:07.463, 2719203679010, vstest.console.dll, DotnetTestHostManager.OnHostExited: invoking OnHostExited callback
TpTrace Verbose: 0 : 20992, 13, 2022/07/12, 17:54:07.463, 2719203679541, vstest.console.dll, CrossPlatEngine.TestHostManagerHostExited: calling on client process exit callback.
TpTrace Information: 0 : 20992, 13, 2022/07/12, 17:54:07.463, 2719203680062, vstest.console.dll, TestRequestSender.OnClientProcessExit: Test host process exited. Standard error: 
TpTrace Information: 0 : 20992, 13, 2022/07/12, 17:54:07.463, 2719203680513, vstest.console.dll, SocketServer.Stop: Stop server endPoint: 127.0.0.1:62593
TpTrace Information: 0 : 20992, 14, 2022/07/12, 17:54:07.463, 2719203680727, vstest.console.dll, SocketServer.Stop: Stop server endPoint: 127.0.0.1:62593
TpTrace Information: 0 : 20992, 14, 2022/07/12, 17:54:07.463, 2719203681292, vstest.console.dll, SocketServer.Stop: Cancellation requested. Stopping message loop.
TpTrace Information: 0 : 20992, 13, 2022/07/12, 17:54:07.463, 2719203680790, vstest.console.dll, SocketServer.Stop: Cancellation requested. Stopping message loop.
TpTrace Information: 0 : 20992, 14, 2022/07/12, 17:54:07.464, 2719203682292, vstest.console.dll, Closing the connection
TpTrace Verbose: 0 : 20992, 13, 2022/07/12, 17:54:07.464, 2719203682244, vstest.console.dll, MulticastDelegateUtilities.SafeInvoke: HostProviderEvents.OnHostExited: Invoking callback 1/1 for Microsoft.VisualStudio.TestPlatform.CrossPlatEngine.Client.ProxyOperationManager.TestHostManagerHostExited, took 0 ms.
TpTrace Verbose: 0 : 20992, 14, 2022/07/12, 17:54:07.464, 2719203686065, vstest.console.dll, ProxyDataCollectionManager.InvokeDataCollectionServiceAction: Starting.
TpTrace Information: 0 : 20992, 14, 2022/07/12, 17:54:07.464, 2719203686520, vstest.console.dll, ProxyDataCollectionManager.AfterTestRunEnd: Get attachment set and invoked data collectors processId: 22648 port: 62590
TpTrace Verbose: 0 : 20992, 14, 2022/07/12, 17:54:07.464, 2719203686972, vstest.console.dll, DataCollectionRequestSender.SendAfterTestRunStartAndGetResult: Send AfterTestRunEnd message with isCancelled: False
TpTrace Verbose: 0 : 20992, 14, 2022/07/12, 17:54:07.470, 2719203745530, vstest.console.dll, DataCollectionRequestSender.SendAfterTestRunStartAndGetResult: Received message: (DataCollection.AfterTestRunEndResult) -> {
  "AttachmentSets": [],
  "InvokedDataCollectors": [
    {
      "Uri": "datacollector://Microsoft/TestPlatform/Extensions/Blame/v1",
      "FriendlyName": "Blame",
      "AssemblyQualifiedName": "Microsoft.TestPlatform.Extensions.BlameDataCollector.BlameCollector, Microsoft.TestPlatform.Extensions.BlameDataCollector, Version=15.0.0.0, Culture=neutral, PublicKeyToken=b03f5f7f11d50a3a",
      "FilePath": "C:\\Program Files\\dotnet\\sdk\\6.0.301\\Extensions\\Microsoft.TestPlatform.Extensions.BlameDataCollector.dll",
      "HasAttachmentProcessor": false
    }
  ],
  "Metrics": {}
}
TpTrace Warning: 0 : 20992, 10, 2022/07/12, 17:54:07.476, 2719203808123, vstest.console.dll, DataCollectionLauncher.ErrorReceivedCallback datacollector standard error line: 
TpTrace Information: 0 : 20992, 14, 2022/07/12, 17:54:07.478, 2719203825251, vstest.console.dll, ProxyDataCollectionManager.InvokeDataCollectionServiceAction: Completed.
TpTrace Information: 0 : 20992, 10, 2022/07/12, 17:54:07.482, 2719203865192, vstest.console.dll, DataCollectionLauncher.ExitCallBack: Data collector exited with exitcode: 0 error: ''
TpTrace Verbose: 0 : 20992, 14, 2022/07/12, 17:54:07.512, 2719204163303, vstest.console.dll, TestRunRequest:SendTestRunStatsChange: Starting.
TpTrace Verbose: 0 : 20992, 14, 2022/07/12, 17:54:07.512, 2719204164564, vstest.console.dll, MulticastDelegateUtilities.SafeInvoke: TestRun.RunStatsChanged: Invoking callbacks was skipped because there are no subscribers.
TpTrace Information: 0 : 20992, 14, 2022/07/12, 17:54:07.512, 2719204164898, vstest.console.dll, TestRunRequest:SendTestRunStatsChange: Completed.
TpTrace Verbose: 0 : 20992, 4, 2022/07/12, 17:54:07.512, 2719204165578, vstest.console.dll, MulticastDelegateUtilities.SafeInvoke: InternalTestLoggerEvents.SendTestResult: Invoking callback 1/1 for Microsoft.VisualStudio.TestPlatform.CommandLine.Internal.ConsoleLogger.TestResultHandler, took 0 ms.
TpTrace Verbose: 0 : 20992, 4, 2022/07/12, 17:54:07.512, 2719204166296, vstest.console.dll, MulticastDelegateUtilities.SafeInvoke: InternalTestLoggerEvents.SendTestResult: Invoking callback 1/1 for Microsoft.VisualStudio.TestPlatform.CommandLine.Internal.ConsoleLogger.TestResultHandler, took 0 ms.
TpTrace Verbose: 0 : 20992, 4, 2022/07/12, 17:54:07.512, 2719204166789, vstest.console.dll, MulticastDelegateUtilities.SafeInvoke: InternalTestLoggerEvents.SendTestResult: Invoking callback 1/1 for Microsoft.VisualStudio.TestPlatform.CommandLine.Internal.ConsoleLogger.TestResultHandler, took 0 ms.
TpTrace Verbose: 0 : 20992, 4, 2022/07/12, 17:54:07.512, 2719204167489, vstest.console.dll, MulticastDelegateUtilities.SafeInvoke: InternalTestLoggerEvents.SendTestResult: Invoking callback 1/1 for Microsoft.VisualStudio.TestPlatform.CommandLine.Internal.ConsoleLogger.TestResultHandler, took 0 ms.
TpTrace Verbose: 0 : 20992, 14, 2022/07/12, 17:54:07.512, 2719204166998, vstest.console.dll, ParallelProxyExecutionManager: HandlePartialRunComplete: Total completed clients = 1, Run complete = True, Run canceled: False.
TpTrace Verbose: 0 : 20992, 4, 2022/07/12, 17:54:07.512, 2719204168078, vstest.console.dll, MulticastDelegateUtilities.SafeInvoke: InternalTestLoggerEvents.SendTestResult: Invoking callback 1/1 for Microsoft.VisualStudio.TestPlatform.CommandLine.Internal.ConsoleLogger.TestResultHandler, took 0 ms.
TpTrace Verbose: 0 : 20992, 4, 2022/07/12, 17:54:07.512, 2719204169664, vstest.console.dll, MulticastDelegateUtilities.SafeInvoke: InternalTestLoggerEvents.SendTestResult: Invoking callback 1/1 for Microsoft.VisualStudio.TestPlatform.CommandLine.Internal.ConsoleLogger.TestResultHandler, took 0 ms.
TpTrace Verbose: 0 : 20992, 4, 2022/07/12, 17:54:07.512, 2719204170142, vstest.console.dll, MulticastDelegateUtilities.SafeInvoke: InternalTestLoggerEvents.SendTestResult: Invoking callback 1/1 for Microsoft.VisualStudio.TestPlatform.CommandLine.Internal.ConsoleLogger.TestResultHandler, took 0 ms.
TpTrace Verbose: 0 : 20992, 4, 2022/07/12, 17:54:07.512, 2719204170573, vstest.console.dll, MulticastDelegateUtilities.SafeInvoke: InternalTestLoggerEvents.SendTestResult: Invoking callback 1/1 for Microsoft.VisualStudio.TestPlatform.CommandLine.Internal.ConsoleLogger.TestResultHandler, took 0 ms.
TpTrace Verbose: 0 : 20992, 4, 2022/07/12, 17:54:07.523, 2719204273919, vstest.console.dll, MulticastDelegateUtilities.SafeInvoke: InternalTestLoggerEvents.SendTestRunComplete: Invoking callback 1/2 for Microsoft.TestPlatform.Extensions.BlameDataCollector.BlameLogger.TestRunCompleteHandler, took 0 ms.
TpTrace Verbose: 0 : 20992, 4, 2022/07/12, 17:54:07.529, 2719204334107, vstest.console.dll, MulticastDelegateUtilities.SafeInvoke: InternalTestLoggerEvents.SendTestRunComplete: Invoking callback 2/2 for Microsoft.VisualStudio.TestPlatform.CommandLine.Internal.ConsoleLogger.TestRunCompleteHandler, took 5 ms.
TpTrace Verbose: 0 : 20992, 14, 2022/07/12, 17:54:07.529, 2719204339522, vstest.console.dll, TestRunRequest:TestRunComplete: Starting. IsAborted:False IsCanceled:False.
TpTrace Verbose: 0 : 20992, 14, 2022/07/12, 17:54:07.530, 2719204348254, vstest.console.dll, TestLoggerManager.HandleTestRunComplete: Ignoring as the object is disposed.
TpTrace Verbose: 0 : 20992, 14, 2022/07/12, 17:54:07.530, 2719204349872, vstest.console.dll, MulticastDelegateUtilities.SafeInvoke: TestRun.TestRunComplete: Invoking callback 1/2 for Microsoft.VisualStudio.TestPlatform.CommandLine.TestRunResultAggregator.TestRunCompletionHandler, took 0 ms.
TpTrace Verbose: 0 : 20992, 14, 2022/07/12, 17:54:07.530, 2719204350615, vstest.console.dll, MulticastDelegateUtilities.SafeInvoke: TestRun.TestRunComplete: Invoking callback 2/2 for Microsoft.VisualStudio.TestPlatform.CommandLine.Processors.RunTestsArgumentExecutor+TestRunRequestEventsRegistrar.TestRunRequest_OnRunCompletion, took 0 ms.
TpTrace Information: 0 : 20992, 14, 2022/07/12, 17:54:07.530, 2719204351631, vstest.console.dll, TestRunRequest:TestRunComplete: Completed.
TpTrace Verbose: 0 : 20992, 1, 2022/07/12, 17:54:07.531, 2719204352146, vstest.console.dll, TestRunRequest.Dispose: Starting.
TpTrace Information: 0 : 20992, 1, 2022/07/12, 17:54:07.531, 2719204352818, vstest.console.dll, TestRunRequest.Dispose: Completed.
TpTrace Verbose: 0 : 20992, 14, 2022/07/12, 17:54:07.531, 2719204352191, vstest.console.dll, TestRequestSender.SetOperationComplete: Setting operation complete.
TpTrace Information: 0 : 20992, 14, 2022/07/12, 17:54:07.531, 2719204353813, vstest.console.dll, SocketServer.Stop: Stop server endPoint: 127.0.0.1:62593
TpTrace Information: 0 : 20992, 1, 2022/07/12, 17:54:07.531, 2719204353316, vstest.console.dll, TestRequestManager.RunTests: run tests completed.
TpTrace Information: 0 : 20992, 14, 2022/07/12, 17:54:07.531, 2719204354672, vstest.console.dll, SocketServer.Stop: Cancellation requested. Stopping message loop.
TpTrace Information: 0 : 20992, 1, 2022/07/12, 17:54:07.531, 2719204356527, vstest.console.dll, RunTestsArgumentProcessor:Execute: Test run is completed.
TpTrace Verbose: 0 : 20992, 14, 2022/07/12, 17:54:07.531, 2719204357200, vstest.console.dll, MulticastDelegateUtilities.SafeInvoke: LengthPrefixCommunicationChannel: MessageReceived: Invoking callback 1/1 for Microsoft.VisualStudio.TestPlatform.CommunicationUtilities.TestRequestSender+<>c__DisplayClass30_0.<StartTestRun>b__1, took 111 ms.
TpTrace Information: 0 : 20992, 14, 2022/07/12, 17:54:07.531, 2719204358690, vstest.console.dll, SocketServer.PrivateStop: Stopping server endPoint: 127.0.0.1:62593 error: 
TpTrace Verbose: 0 : 20992, 1, 2022/07/12, 17:54:07.531, 2719204359218, vstest.console.dll, Executor.Execute: Exiting with exit code of 0
TpTrace Verbose: 0 : 20992, 14, 2022/07/12, 17:54:07.532, 2719204363248, vstest.console.dll, LengthPrefixCommunicationChannel.Dispose: Dispose reader and writer.
TpTrace Information: 0 : 20992, 14, 2022/07/12, 17:54:07.532, 2719204364972, vstest.console.dll, SocketServer.Stop: Raise disconnected event endPoint: 127.0.0.1:62593 error: 
TpTrace Verbose: 0 : 20992, 14, 2022/07/12, 17:54:07.532, 2719204365940, vstest.console.dll, TestRequestSender: OnTestRunAbort: Operation is already complete. Skip error message.
